<?xml version="1.0" encoding="utf-8"?>
<CoverageSession xmlns:xsd="http://www.w3.org/2001/XMLSchema" xmlns:xsi="http://www.w3.org/2001/XMLSchema-instance" Version="4.7.922.0">
  <Summary numSequencePoints="167" visitedSequencePoints="147" numBranchPoints="160" visitedBranchPoints="91" sequenceCoverage="88.02" branchCoverage="56.88" maxCyclomaticComplexity="7" minCyclomaticComplexity="1" maxCrapScore="20" minCrapScore="1" visitedClasses="30" numClasses="37" visitedMethods="41" numMethods="52" />
  <Modules>
    <Module skippedDueTo="Filter" hash="98-36-C9-92-AD-CE-41-6B-D0-FE-DB-2F-8E-6E-5C-45-0D-CA-97-F5">
      <ModulePath>C:\Program Files\dotnet\shared\Microsoft.NETCore.App\2.2.8\System.Private.CoreLib.dll</ModulePath>
      <ModuleTime>2019-10-09T03:45:10Z</ModuleTime>
      <ModuleName>System.Private.CoreLib</ModuleName>
      <Classes />
    </Module>
    <Module skippedDueTo="Filter" hash="F9-54-11-7A-01-7C-B4-6E-04-45-1E-69-5E-B1-81-2A-5A-A0-BB-C5">
      <ModulePath>C:\Users\Soren\.nuget\packages\microsoft.testplatform.testhost\16.0.1\lib\netstandard1.5\testhost.dll</ModulePath>
      <ModuleTime>2019-03-04T04:44:18Z</ModuleTime>
      <ModuleName>testhost</ModuleName>
      <Classes />
    </Module>
    <Module skippedDueTo="Filter" hash="61-9E-5C-06-EA-FB-50-38-AC-C2-DB-14-D4-8D-D3-14-CB-BF-5A-66">
      <ModulePath>C:\Program Files\dotnet\shared\Microsoft.NETCore.App\2.2.8\System.Runtime.dll</ModulePath>
      <ModuleTime>2019-10-09T03:45:10Z</ModuleTime>
      <ModuleName>System.Runtime</ModuleName>
      <Classes />
    </Module>
    <Module skippedDueTo="Filter" hash="72-B8-69-C7-DF-84-A7-5D-D8-BD-7C-52-6C-AA-43-70-EE-86-15-EC">
      <ModulePath>C:\Users\Soren\.nuget\packages\microsoft.testplatform.objectmodel\16.0.1\lib\netstandard1.5\Microsoft.TestPlatform.CoreUtilities.dll</ModulePath>
      <ModuleTime>2019-03-04T04:44:18Z</ModuleTime>
      <ModuleName>Microsoft.TestPlatform.CoreUtilities</ModuleName>
      <Classes />
    </Module>
    <Module skippedDueTo="Filter" hash="9B-28-B1-50-8F-3C-CC-E2-AB-80-84-ED-2A-81-54-B9-2D-8B-6B-DA">
      <ModulePath>C:\Program Files\dotnet\shared\Microsoft.NETCore.App\2.2.8\System.Diagnostics.Tracing.dll</ModulePath>
      <ModuleTime>2019-10-09T03:45:08Z</ModuleTime>
      <ModuleName>System.Diagnostics.Tracing</ModuleName>
      <Classes />
    </Module>
    <Module skippedDueTo="Filter" hash="FD-5D-15-3F-2B-5F-9A-8C-16-B4-E0-41-C5-C3-DE-C2-4D-FA-26-EE">
      <ModulePath>C:\Users\Soren\.nuget\packages\microsoft.testplatform.objectmodel\16.0.1\lib\netstandard1.5\Microsoft.TestPlatform.PlatformAbstractions.dll</ModulePath>
      <ModuleTime>2019-03-04T04:44:18Z</ModuleTime>
      <ModuleName>Microsoft.TestPlatform.PlatformAbstractions</ModuleName>
      <Classes />
    </Module>
    <Module skippedDueTo="Filter" hash="57-02-1E-15-7D-26-6E-8F-51-B6-01-12-27-54-0A-D1-4E-43-A3-14">
      <ModulePath>C:\Program Files\dotnet\shared\Microsoft.NETCore.App\2.2.8\System.Runtime.Extensions.dll</ModulePath>
      <ModuleTime>2019-10-09T03:45:10Z</ModuleTime>
      <ModuleName>System.Runtime.Extensions</ModuleName>
      <Classes />
    </Module>
    <Module skippedDueTo="Filter" hash="81-9E-E8-BF-B1-4C-9D-DB-92-3E-7B-AC-39-27-51-E0-54-1C-3A-38">
      <ModulePath>C:\Program Files\dotnet\shared\Microsoft.NETCore.App\2.2.8\System.Diagnostics.Debug.dll</ModulePath>
      <ModuleTime>2019-10-09T03:45:08Z</ModuleTime>
      <ModuleName>System.Diagnostics.Debug</ModuleName>
      <Classes />
    </Module>
    <Module skippedDueTo="Filter" hash="32-35-25-52-1F-B6-5E-FD-E9-4A-9A-2E-6E-7C-FF-EC-6A-44-B9-99">
      <ModulePath>C:\Program Files\dotnet\shared\Microsoft.NETCore.App\2.2.8\System.Threading.Tasks.dll</ModulePath>
      <ModuleTime>2019-10-09T03:45:10Z</ModuleTime>
      <ModuleName>System.Threading.Tasks</ModuleName>
      <Classes />
    </Module>
    <Module skippedDueTo="Filter" hash="D4-5C-8D-72-F0-E9-8C-B1-FC-69-69-17-8E-8F-E3-FF-CF-B0-C0-E1">
      <ModulePath>C:\Program Files\dotnet\shared\Microsoft.NETCore.App\2.2.8\System.Globalization.dll</ModulePath>
      <ModuleTime>2019-10-09T03:45:08Z</ModuleTime>
      <ModuleName>System.Globalization</ModuleName>
      <Classes />
    </Module>
    <Module skippedDueTo="Filter" hash="2D-4A-E2-EE-F5-83-C0-84-2D-42-7F-51-64-49-96-C1-17-49-9D-FB">
      <ModulePath>C:\Program Files\dotnet\shared\Microsoft.NETCore.App\2.2.8\System.Collections.dll</ModulePath>
      <ModuleTime>2019-10-09T03:45:08Z</ModuleTime>
      <ModuleName>System.Collections</ModuleName>
      <Classes />
    </Module>
    <Module skippedDueTo="Filter" hash="1F-FF-9D-57-0C-4E-68-4C-F0-76-1F-D9-61-77-5F-15-C0-94-F5-5E">
      <ModulePath>C:\Users\Soren\.nuget\packages\microsoft.testplatform.testhost\16.0.1\lib\netstandard1.5\Microsoft.TestPlatform.CrossPlatEngine.dll</ModulePath>
      <ModuleTime>2019-03-04T04:44:18Z</ModuleTime>
      <ModuleName>Microsoft.TestPlatform.CrossPlatEngine</ModuleName>
      <Classes />
    </Module>
    <Module skippedDueTo="Filter" hash="E0-5D-92-D9-CA-08-4D-C0-D4-25-CD-13-81-4A-FE-63-A5-B9-CC-81">
      <ModulePath>C:\Users\Soren\.nuget\packages\microsoft.testplatform.testhost\16.0.1\lib\netstandard1.5\Microsoft.TestPlatform.CommunicationUtilities.dll</ModulePath>
      <ModuleTime>2019-03-04T04:44:18Z</ModuleTime>
      <ModuleName>Microsoft.TestPlatform.CommunicationUtilities</ModuleName>
      <Classes />
    </Module>
    <Module skippedDueTo="Filter" hash="87-51-E7-81-89-D1-B9-83-14-4E-0D-F7-B4-24-CF-84-7C-AD-44-05">
      <ModulePath>C:\Users\Soren\.nuget\packages\microsoft.testplatform.objectmodel\16.0.1\lib\netstandard1.5\Microsoft.VisualStudio.TestPlatform.ObjectModel.dll</ModulePath>
      <ModuleTime>2019-03-04T04:44:18Z</ModuleTime>
      <ModuleName>Microsoft.VisualStudio.TestPlatform.ObjectModel</ModuleName>
      <Classes />
    </Module>
    <Module skippedDueTo="Filter" hash="50-43-83-0B-99-C8-26-E0-FC-D3-8D-AE-C2-BE-D9-01-BB-2F-DC-4A">
      <ModulePath>C:\Users\Soren\.nuget\packages\microsoft.testplatform.testhost\16.0.1\lib\netstandard1.5\Microsoft.VisualStudio.TestPlatform.Common.dll</ModulePath>
      <ModuleTime>2019-03-04T04:44:18Z</ModuleTime>
      <ModuleName>Microsoft.VisualStudio.TestPlatform.Common</ModuleName>
      <Classes />
    </Module>
    <Module skippedDueTo="Filter" hash="53-D0-A3-B9-10-36-09-21-32-F4-D0-88-75-00-B5-DC-77-89-1D-78">
      <ModulePath>C:\Users\Soren\.nuget\packages\newtonsoft.json\9.0.1\lib\netstandard1.0\Newtonsoft.Json.dll</ModulePath>
      <ModuleTime>2016-06-13T18:36:14Z</ModuleTime>
      <ModuleName>Newtonsoft.Json</ModuleName>
      <Classes />
    </Module>
    <Module skippedDueTo="Filter" hash="6E-61-E8-46-D7-FA-71-11-6B-30-E9-03-15-07-38-3B-6E-09-D2-5A">
      <ModulePath>C:\Program Files\dotnet\shared\Microsoft.NETCore.App\2.2.8\System.Runtime.Serialization.Primitives.dll</ModulePath>
      <ModuleTime>2019-10-09T03:45:10Z</ModuleTime>
      <ModuleName>System.Runtime.Serialization.Primitives</ModuleName>
      <Classes />
    </Module>
    <Module skippedDueTo="Filter" hash="8B-7E-15-68-29-69-C5-ED-F5-6F-97-12-A0-31-EF-1D-DB-66-CD-B5">
      <ModulePath>C:\Program Files\dotnet\shared\Microsoft.NETCore.App\2.2.8\System.Threading.dll</ModulePath>
      <ModuleTime>2019-10-09T03:45:10Z</ModuleTime>
      <ModuleName>System.Threading</ModuleName>
      <Classes />
    </Module>
    <Module skippedDueTo="Filter" hash="08-DB-5D-72-75-25-27-4C-0C-AF-0C-8B-95-C0-7E-CE-88-93-BA-02">
      <ModulePath>C:\Program Files\dotnet\shared\Microsoft.NETCore.App\2.2.8\System.Diagnostics.TraceSource.dll</ModulePath>
      <ModuleTime>2019-10-09T03:45:08Z</ModuleTime>
      <ModuleName>System.Diagnostics.TraceSource</ModuleName>
      <Classes />
    </Module>
    <Module skippedDueTo="Filter" hash="0F-84-74-D9-46-38-EA-D1-57-76-2B-04-67-55-B2-E6-7B-B5-B1-82">
      <ModulePath>C:\Program Files\dotnet\shared\Microsoft.NETCore.App\2.2.8\System.Diagnostics.Process.dll</ModulePath>
      <ModuleTime>2019-10-09T03:45:08Z</ModuleTime>
      <ModuleName>System.Diagnostics.Process</ModuleName>
      <Classes />
    </Module>
    <Module skippedDueTo="Filter" hash="3A-76-C0-57-A7-83-2C-18-D9-00-F5-41-3A-29-F8-18-B2-79-5F-F7">
      <ModulePath>C:\Program Files\dotnet\shared\Microsoft.NETCore.App\2.2.8\System.ComponentModel.Primitives.dll</ModulePath>
      <ModuleTime>2019-10-09T03:45:08Z</ModuleTime>
      <ModuleName>System.ComponentModel.Primitives</ModuleName>
      <Classes />
    </Module>
    <Module skippedDueTo="Filter" hash="DD-25-67-AF-BC-97-7D-24-A7-EA-FD-D7-95-40-6B-3F-53-7E-2B-2F">
      <ModulePath>C:\Program Files\dotnet\shared\Microsoft.NETCore.App\2.2.8\System.Runtime.InteropServices.dll</ModulePath>
      <ModuleTime>2019-10-09T03:45:10Z</ModuleTime>
      <ModuleName>System.Runtime.InteropServices</ModuleName>
      <Classes />
    </Module>
    <Module skippedDueTo="Filter" hash="7F-87-80-44-06-80-AC-08-40-A4-FA-AE-FA-7D-B3-01-EC-81-BB-0D">
      <ModulePath>C:\Program Files\dotnet\shared\Microsoft.NETCore.App\2.2.8\Microsoft.Win32.Primitives.dll</ModulePath>
      <ModuleTime>2019-10-09T03:45:08Z</ModuleTime>
      <ModuleName>Microsoft.Win32.Primitives</ModuleName>
      <Classes />
    </Module>
    <Module skippedDueTo="Filter" hash="B7-D5-1C-10-A8-8E-F6-50-61-72-4C-03-0A-E7-D1-CE-A9-0E-13-38">
      <ModulePath>C:\Program Files\dotnet\shared\Microsoft.NETCore.App\2.2.8\System.Threading.ThreadPool.dll</ModulePath>
      <ModuleTime>2019-10-09T03:45:10Z</ModuleTime>
      <ModuleName>System.Threading.ThreadPool</ModuleName>
      <Classes />
    </Module>
    <Module skippedDueTo="Filter" hash="B0-86-E9-59-AF-AE-DD-F3-AE-D0-86-74-27-2A-D6-4F-41-B9-A0-65">
      <ModulePath>C:\Program Files\dotnet\shared\Microsoft.NETCore.App\2.2.8\System.Net.Primitives.dll</ModulePath>
      <ModuleTime>2019-10-09T03:45:10Z</ModuleTime>
      <ModuleName>System.Net.Primitives</ModuleName>
      <Classes />
    </Module>
    <Module skippedDueTo="Filter" hash="2B-C1-2B-90-9B-A7-EC-48-93-67-1F-E2-EB-30-75-A0-D8-86-09-83">
      <ModulePath>C:\Program Files\dotnet\shared\Microsoft.NETCore.App\2.2.8\System.IO.dll</ModulePath>
      <ModuleTime>2019-10-09T03:45:08Z</ModuleTime>
      <ModuleName>System.IO</ModuleName>
      <Classes />
    </Module>
    <Module skippedDueTo="Filter" hash="A4-09-96-D1-3A-16-85-33-05-7C-2A-1F-BD-CB-DD-46-65-79-21-FC">
      <ModulePath>C:\Program Files\dotnet\shared\Microsoft.NETCore.App\2.2.8\System.Net.Sockets.dll</ModulePath>
      <ModuleTime>2019-10-09T03:45:10Z</ModuleTime>
      <ModuleName>System.Net.Sockets</ModuleName>
      <Classes />
    </Module>
    <Module skippedDueTo="Filter" hash="42-F1-F9-03-C9-17-7D-54-3A-4E-24-D4-71-85-79-71-B3-51-0C-F8">
      <ModulePath>C:\Program Files\dotnet\shared\Microsoft.NETCore.App\2.2.8\System.Threading.Overlapped.dll</ModulePath>
      <ModuleTime>2019-10-09T03:45:10Z</ModuleTime>
      <ModuleName>System.Threading.Overlapped</ModuleName>
      <Classes />
    </Module>
    <Module skippedDueTo="Filter" hash="01-D7-3D-8C-03-92-4C-CF-B4-68-46-70-6A-FD-42-EC-A0-DE-63-D1">
      <ModulePath>C:\Program Files\dotnet\shared\Microsoft.NETCore.App\2.2.8\System.Net.NameResolution.dll</ModulePath>
      <ModuleTime>2019-10-09T03:45:10Z</ModuleTime>
      <ModuleName>System.Net.NameResolution</ModuleName>
      <Classes />
    </Module>
    <Module skippedDueTo="Filter" hash="44-30-D7-DE-CD-59-DB-41-09-C6-A3-D4-63-3B-46-39-57-0A-D7-C1">
      <ModulePath>C:\Program Files\dotnet\shared\Microsoft.NETCore.App\2.2.8\System.Private.Uri.dll</ModulePath>
      <ModuleTime>2019-10-09T03:45:10Z</ModuleTime>
      <ModuleName>System.Private.Uri</ModuleName>
      <Classes />
    </Module>
    <Module skippedDueTo="Filter" hash="E6-5A-13-D9-CD-AE-44-C5-0A-6F-CD-F2-7F-AF-0E-32-D8-9B-B1-BC">
      <ModulePath>C:\Program Files\dotnet\shared\Microsoft.NETCore.App\2.2.8\System.Memory.dll</ModulePath>
      <ModuleTime>2019-10-09T03:45:08Z</ModuleTime>
      <ModuleName>System.Memory</ModuleName>
      <Classes />
    </Module>
    <Module skippedDueTo="Filter" hash="FA-30-65-EF-CD-25-44-80-39-12-9E-6B-CC-DD-4C-21-10-72-83-DF">
      <ModulePath>C:\Program Files\dotnet\shared\Microsoft.NETCore.App\2.2.8\System.Security.Principal.Windows.dll</ModulePath>
      <ModuleTime>2019-10-09T03:45:10Z</ModuleTime>
      <ModuleName>System.Security.Principal.Windows</ModuleName>
      <Classes />
    </Module>
    <Module skippedDueTo="Filter" hash="17-83-97-42-A3-88-E6-7E-1C-90-2C-E9-73-46-2D-92-3D-8A-E8-EC">
      <ModulePath>C:\Program Files\dotnet\shared\Microsoft.NETCore.App\2.2.8\System.Security.Claims.dll</ModulePath>
      <ModuleTime>2019-10-09T03:45:10Z</ModuleTime>
      <ModuleName>System.Security.Claims</ModuleName>
      <Classes />
    </Module>
    <Module skippedDueTo="Filter" hash="61-39-A2-0E-83-C3-67-3A-76-59-5F-8F-67-C6-2E-A0-E2-BB-BE-17">
      <ModulePath>C:\Program Files\dotnet\shared\Microsoft.NETCore.App\2.2.8\System.Text.Encoding.dll</ModulePath>
      <ModuleTime>2019-10-09T03:45:10Z</ModuleTime>
      <ModuleName>System.Text.Encoding</ModuleName>
      <Classes />
    </Module>
    <Module skippedDueTo="Filter" hash="9D-E1-BA-8E-47-FC-0B-7E-45-98-A3-1B-A4-7D-00-3B-32-6B-5F-58">
      <ModulePath>C:\Program Files\dotnet\shared\Microsoft.NETCore.App\2.2.8\System.Security.Principal.dll</ModulePath>
      <ModuleTime>2019-10-09T03:45:10Z</ModuleTime>
      <ModuleName>System.Security.Principal</ModuleName>
      <Classes />
    </Module>
    <Module skippedDueTo="Filter" hash="ED-84-07-A8-F8-B7-97-B5-5C-7B-E4-82-4B-E0-72-B4-89-4A-04-19">
      <ModulePath>C:\Program Files\dotnet\shared\Microsoft.NETCore.App\2.2.8\System.Reflection.dll</ModulePath>
      <ModuleTime>2019-10-09T03:45:10Z</ModuleTime>
      <ModuleName>System.Reflection</ModuleName>
      <Classes />
    </Module>
    <Module skippedDueTo="Filter" hash="68-36-1D-01-39-C8-C2-59-91-FD-B5-88-F0-E5-48-CE-3A-C5-03-3E">
      <ModulePath>C:\Program Files\dotnet\shared\Microsoft.NETCore.App\2.2.8\System.Dynamic.Runtime.dll</ModulePath>
      <ModuleTime>2019-10-09T03:45:08Z</ModuleTime>
      <ModuleName>System.Dynamic.Runtime</ModuleName>
      <Classes />
    </Module>
    <Module skippedDueTo="Filter" hash="6E-6B-46-DB-FC-DF-6A-8F-AE-00-47-67-B3-0C-F4-1F-55-97-F6-80">
      <ModulePath>C:\Program Files\dotnet\shared\Microsoft.NETCore.App\2.2.8\System.Linq.Expressions.dll</ModulePath>
      <ModuleTime>2019-10-09T03:45:08Z</ModuleTime>
      <ModuleName>System.Linq.Expressions</ModuleName>
      <Classes />
    </Module>
    <Module skippedDueTo="Filter" hash="91-5A-71-CD-76-78-C6-79-36-A5-7F-25-DF-B7-50-C6-80-A1-71-5D">
      <ModulePath>C:\Program Files\dotnet\shared\Microsoft.NETCore.App\2.2.8\System.Reflection.Extensions.dll</ModulePath>
      <ModuleTime>2019-10-09T03:45:10Z</ModuleTime>
      <ModuleName>System.Reflection.Extensions</ModuleName>
      <Classes />
    </Module>
    <Module skippedDueTo="Filter" hash="32-CC-5D-89-04-4B-8E-F2-AF-83-ED-E9-04-B7-46-83-3D-EB-C9-65">
      <ModulePath>C:\Program Files\dotnet\shared\Microsoft.NETCore.App\2.2.8\System.Linq.dll</ModulePath>
      <ModuleTime>2019-10-09T03:45:08Z</ModuleTime>
      <ModuleName>System.Linq</ModuleName>
      <Classes />
    </Module>
    <Module skippedDueTo="Filter" hash="55-4B-F3-C1-01-DE-1B-80-09-A5-9B-37-73-20-18-58-A6-12-4F-A0">
      <ModulePath>C:\Program Files\dotnet\shared\Microsoft.NETCore.App\2.2.8\System.ObjectModel.dll</ModulePath>
      <ModuleTime>2019-10-09T03:45:10Z</ModuleTime>
      <ModuleName>System.ObjectModel</ModuleName>
      <Classes />
    </Module>
    <Module skippedDueTo="Filter" hash="A3-87-DB-98-1C-FB-40-55-5D-D6-56-4C-AA-EC-47-6A-AD-D5-18-D1">
      <ModulePath>C:\Program Files\dotnet\shared\Microsoft.NETCore.App\2.2.8\System.Xml.XDocument.dll</ModulePath>
      <ModuleTime>2019-10-09T03:45:10Z</ModuleTime>
      <ModuleName>System.Xml.XDocument</ModuleName>
      <Classes />
    </Module>
    <Module skippedDueTo="Filter" hash="97-8A-C0-B8-F2-05-FE-66-FC-DA-26-B9-E0-5E-FC-40-7A-86-F2-6A">
      <ModulePath>C:\Program Files\dotnet\shared\Microsoft.NETCore.App\2.2.8\System.Private.Xml.Linq.dll</ModulePath>
      <ModuleTime>2019-10-09T03:45:10Z</ModuleTime>
      <ModuleName>System.Private.Xml.Linq</ModuleName>
      <Classes />
    </Module>
    <Module skippedDueTo="Filter" hash="91-2E-E5-9F-46-F4-0F-49-F5-B4-A7-00-8E-86-21-C0-5C-92-BF-4C">
      <ModulePath>C:\Program Files\dotnet\shared\Microsoft.NETCore.App\2.2.8\System.Private.Xml.dll</ModulePath>
      <ModuleTime>2019-10-09T03:45:10Z</ModuleTime>
      <ModuleName>System.Private.Xml</ModuleName>
      <Classes />
    </Module>
    <Module skippedDueTo="Filter" hash="FE-00-14-F6-B4-AE-8E-4F-87-FD-29-85-3C-EB-EB-B5-CB-CD-EB-3F">
      <ModulePath>C:\Program Files\dotnet\shared\Microsoft.NETCore.App\2.2.8\System.Text.RegularExpressions.dll</ModulePath>
      <ModuleTime>2019-10-09T03:45:10Z</ModuleTime>
      <ModuleName>System.Text.RegularExpressions</ModuleName>
      <Classes />
    </Module>
    <Module skippedDueTo="Filter" hash="">
      <ModulePath>RefEmit_InMemoryManifestModule</ModulePath>
      <ModuleTime>0001-01-01T00:00:00</ModuleTime>
      <ModuleName>Anonymously Hosted DynamicMethods Assembly</ModuleName>
      <Classes />
    </Module>
    <Module skippedDueTo="Filter" hash="BA-B2-4D-A7-8E-4B-51-DD-11-45-9F-C8-DB-7E-8B-8F-B4-9A-D2-DA">
      <ModulePath>C:\Program Files\dotnet\shared\Microsoft.NETCore.App\2.2.8\System.Collections.NonGeneric.dll</ModulePath>
      <ModuleTime>2019-10-09T03:45:08Z</ModuleTime>
      <ModuleName>System.Collections.NonGeneric</ModuleName>
      <Classes />
    </Module>
    <Module skippedDueTo="Filter" hash="D9-BF-37-64-A8-45-83-19-31-28-B6-54-33-B1-5B-84-6C-D2-A3-E0">
      <ModulePath>C:\Program Files\dotnet\shared\Microsoft.NETCore.App\2.2.8\System.IO.FileSystem.Primitives.dll</ModulePath>
      <ModuleTime>2019-10-09T03:45:08Z</ModuleTime>
      <ModuleName>System.IO.FileSystem.Primitives</ModuleName>
      <Classes />
    </Module>
    <Module skippedDueTo="Filter" hash="40-CA-B7-FD-3C-E9-9A-BA-A4-AC-8B-55-6F-5A-64-C2-D4-71-6F-34">
      <ModulePath>C:\Program Files\dotnet\shared\Microsoft.NETCore.App\2.2.8\System.IO.FileSystem.dll</ModulePath>
      <ModuleTime>2019-10-09T03:45:08Z</ModuleTime>
      <ModuleName>System.IO.FileSystem</ModuleName>
      <Classes />
    </Module>
    <Module skippedDueTo="Filter" hash="68-3F-D3-A1-32-9F-8C-A0-A8-5D-51-59-C1-1A-56-46-0E-F3-A1-8C">
      <ModulePath>C:\Program Files\dotnet\shared\Microsoft.NETCore.App\2.2.8\System.Runtime.Loader.dll</ModulePath>
      <ModuleTime>2019-10-09T03:45:10Z</ModuleTime>
      <ModuleName>System.Runtime.Loader</ModuleName>
      <Classes />
    </Module>
    <Module skippedDueTo="Filter" hash="16-7C-D1-8D-0E-08-82-D2-50-9C-9A-FF-7A-6F-C1-DB-D3-21-8A-72">
      <ModulePath>D:\GitHub\Alamut.Data\test\Alamut.Data.Test\bin\Debug\netcoreapp2.2\xunit.runner.visualstudio.dotnetcore.testadapter.dll</ModulePath>
      <ModuleTime>2018-07-16T23:48:28Z</ModuleTime>
      <ModuleName>xunit.runner.visualstudio.dotnetcore.testadapter</ModuleName>
      <Classes />
    </Module>
    <Module skippedDueTo="Filter" hash="31-4E-FD-00-CA-9D-A4-C3-F4-F9-FE-76-D1-8E-72-E1-20-A0-E3-FF">
      <ModulePath>C:\Program Files\dotnet\shared\Microsoft.NETCore.App\2.2.8\System.Reflection.TypeExtensions.dll</ModulePath>
      <ModuleTime>2019-10-09T03:45:10Z</ModuleTime>
      <ModuleName>System.Reflection.TypeExtensions</ModuleName>
      <Classes />
    </Module>
    <Module skippedDueTo="Filter" hash="03-90-7D-D6-F3-9A-52-CB-AC-66-41-C2-BE-CB-A9-38-71-51-62-72">
      <ModulePath>C:\Users\Soren\.nuget\packages\xunit.abstractions\2.0.2\lib\netstandard2.0\xunit.abstractions.dll</ModulePath>
      <ModuleTime>2018-07-17T00:42:02Z</ModuleTime>
      <ModuleName>xunit.abstractions</ModuleName>
      <Classes />
    </Module>
    <Module skippedDueTo="Filter" hash="82-ED-C3-B0-5E-C6-9B-85-72-24-E7-42-6A-1F-D3-7A-92-31-88-3E">
      <ModulePath>D:\GitHub\Alamut.Data\test\Alamut.Data.Test\bin\Debug\netcoreapp2.2\xunit.runner.utility.netcoreapp10.dll</ModulePath>
      <ModuleTime>2018-07-16T23:48:28Z</ModuleTime>
      <ModuleName>xunit.runner.utility.netcoreapp10</ModuleName>
      <Classes />
    </Module>
    <Module skippedDueTo="Filter" hash="76-DA-7C-7E-3F-6A-9B-04-B2-CA-CD-B4-02-2F-35-EB-D8-2F-3A-36">
      <ModulePath>C:\Program Files\dotnet\shared\Microsoft.NETCore.App\2.2.8\System.Xml.ReaderWriter.dll</ModulePath>
      <ModuleTime>2019-10-09T03:45:10Z</ModuleTime>
      <ModuleName>System.Xml.ReaderWriter</ModuleName>
      <Classes />
    </Module>
    <Module skippedDueTo="Filter" hash="C6-16-7C-76-90-4D-F1-3B-B8-B7-1C-82-5F-C1-19-43-83-33-F1-51">
      <ModulePath>C:\Program Files\dotnet\shared\Microsoft.NETCore.App\2.2.8\System.Threading.Thread.dll</ModulePath>
      <ModuleTime>2019-10-09T03:45:10Z</ModuleTime>
      <ModuleName>System.Threading.Thread</ModuleName>
      <Classes />
    </Module>
    <Module skippedDueTo="Filter" hash="EF-C6-2E-ED-9D-E9-12-4D-5D-38-70-FD-A5-8F-F4-20-60-20-07-6E">
      <ModulePath>C:\Program Files\dotnet\shared\Microsoft.NETCore.App\2.2.8\System.Security.Cryptography.Algorithms.dll</ModulePath>
      <ModuleTime>2019-10-09T03:45:10Z</ModuleTime>
      <ModuleName>System.Security.Cryptography.Algorithms</ModuleName>
      <Classes />
    </Module>
    <Module skippedDueTo="Filter" hash="7D-94-58-DF-F6-F4-83-1E-2D-C8-50-40-D1-79-7F-BA-CB-56-ED-78">
      <ModulePath>C:\Program Files\dotnet\shared\Microsoft.NETCore.App\2.2.8\System.Threading.Timer.dll</ModulePath>
      <ModuleTime>2019-10-09T03:45:10Z</ModuleTime>
      <ModuleName>System.Threading.Timer</ModuleName>
      <Classes />
    </Module>
    <Module skippedDueTo="Filter" hash="F1-F4-20-E4-9C-30-FC-B8-DD-41-13-91-C6-A0-59-11-C0-B9-63-01">
      <ModulePath>C:\Program Files\dotnet\shared\Microsoft.NETCore.App\2.2.8\System.Xml.XmlDocument.dll</ModulePath>
      <ModuleTime>2019-10-09T03:45:10Z</ModuleTime>
      <ModuleName>System.Xml.XmlDocument</ModuleName>
      <Classes />
    </Module>
    <Module skippedDueTo="Filter" hash="C3-15-94-6E-FC-A6-E9-CB-E8-C8-6F-93-D6-18-F7-4A-C6-1B-F3-A2">
      <ModulePath>C:\Program Files\dotnet\shared\Microsoft.NETCore.App\2.2.8\System.Resources.ResourceManager.dll</ModulePath>
      <ModuleTime>2019-10-09T03:45:10Z</ModuleTime>
      <ModuleName>System.Resources.ResourceManager</ModuleName>
      <Classes />
    </Module>
    <Module skippedDueTo="Filter" hash="56-66-6B-87-65-01-CB-7C-CF-47-31-53-72-5E-79-6F-80-8F-82-16">
      <ModulePath>C:\Program Files\dotnet\shared\Microsoft.NETCore.App\2.2.8\System.Runtime.InteropServices.RuntimeInformation.dll</ModulePath>
      <ModuleTime>2019-10-09T03:45:10Z</ModuleTime>
      <ModuleName>System.Runtime.InteropServices.RuntimeInformation</ModuleName>
      <Classes />
    </Module>
    <Module skippedDueTo="Filter" hash="A5-9E-91-6A-D4-06-25-00-57-F9-E8-F7-B7-F2-D8-57-32-8A-0D-71">
      <ModulePath>C:\Program Files\dotnet\shared\Microsoft.NETCore.App\2.2.8\System.Reflection.Metadata.dll</ModulePath>
      <ModuleTime>2019-10-09T03:45:10Z</ModuleTime>
      <ModuleName>System.Reflection.Metadata</ModuleName>
      <Classes />
    </Module>
    <Module skippedDueTo="Filter" hash="0E-3E-77-47-86-40-D9-9A-41-12-81-5C-FC-09-6C-A6-F0-88-0F-68">
      <ModulePath>C:\Program Files\dotnet\shared\Microsoft.NETCore.App\2.2.8\System.Collections.Immutable.dll</ModulePath>
      <ModuleTime>2019-10-09T03:45:08Z</ModuleTime>
      <ModuleName>System.Collections.Immutable</ModuleName>
      <Classes />
    </Module>
    <Module skippedDueTo="Filter" hash="2D-85-4D-84-51-FF-3C-2B-4E-0A-9F-78-43-46-F1-37-E4-BC-0C-73">
      <ModulePath>C:\Program Files\dotnet\shared\Microsoft.NETCore.App\2.2.8\System.Text.Encoding.Extensions.dll</ModulePath>
      <ModuleTime>2019-10-09T03:45:10Z</ModuleTime>
      <ModuleName>System.Text.Encoding.Extensions</ModuleName>
      <Classes />
    </Module>
    <Module skippedDueTo="Filter" hash="E8-33-C1-50-FD-30-1C-C4-BB-51-23-8E-99-42-07-64-34-92-4B-42">
      <ModulePath>C:\Program Files\dotnet\shared\Microsoft.NETCore.App\2.2.8\System.Console.dll</ModulePath>
      <ModuleTime>2019-10-09T03:45:08Z</ModuleTime>
      <ModuleName>System.Console</ModuleName>
      <Classes />
    </Module>
    <Module skippedDueTo="Filter" hash="08-3A-B5-38-47-21-94-67-EA-6B-6A-D4-27-10-66-75-76-F4-FD-38">
      <ModulePath>C:\Program Files\dotnet\shared\Microsoft.NETCore.App\2.2.8\System.AppContext.dll</ModulePath>
      <ModuleTime>2019-10-09T03:45:08Z</ModuleTime>
      <ModuleName>System.AppContext</ModuleName>
      <Classes />
    </Module>
    <Module skippedDueTo="Filter" hash="BE-0A-EF-A5-06-DB-8C-FF-B0-D5-47-8D-BA-93-1D-5E-90-F0-D6-A0">
      <ModulePath>C:\Program Files\dotnet\shared\Microsoft.NETCore.App\2.2.8\System.Buffers.dll</ModulePath>
      <ModuleTime>2019-10-09T03:45:08Z</ModuleTime>
      <ModuleName>System.Buffers</ModuleName>
      <Classes />
    </Module>
    <Module skippedDueTo="Filter" hash="FB-13-5D-28-F2-05-96-6B-B4-67-FF-67-00-1B-1A-DF-13-D0-58-E3">
      <ModulePath>D:\GitHub\Alamut.Data\test\Alamut.Data.Test\bin\Debug\netcoreapp2.2\Alamut.Data.Test.dll</ModulePath>
      <ModuleTime>2020-07-27T14:59:23.1216739Z</ModuleTime>
      <ModuleName>Alamut.Data.Test</ModuleName>
      <Classes />
    </Module>
    <Module skippedDueTo="Filter" hash="02-19-8D-5E-0D-8C-7A-F9-ED-BF-1A-49-D0-79-69-D9-92-29-D5-D5">
      <ModulePath>C:\Users\Soren\.nuget\packages\microsoft.entityframeworkcore\2.2.4\lib\netstandard2.0\Microsoft.EntityFrameworkCore.dll</ModulePath>
      <ModuleTime>2019-03-22T00:36:32Z</ModuleTime>
      <ModuleName>Microsoft.EntityFrameworkCore</ModuleName>
      <Classes />
    </Module>
    <Module skippedDueTo="Filter" hash="BA-9E-0B-FC-FF-FF-91-95-67-25-C4-6A-97-55-B9-6A-0E-9D-50-05">
      <ModulePath>C:\Program Files\dotnet\shared\Microsoft.NETCore.App\2.2.8\netstandard.dll</ModulePath>
      <ModuleTime>2019-10-09T03:45:10Z</ModuleTime>
      <ModuleName>netstandard</ModuleName>
      <Classes />
    </Module>
    <Module skippedDueTo="Filter" hash="12-A7-F5-6E-30-4A-0B-3C-FC-7E-9D-D1-A9-5A-F2-A9-77-D4-74-86">
      <ModulePath>C:\Program Files\dotnet\shared\Microsoft.NETCore.App\2.2.8\System.ComponentModel.dll</ModulePath>
      <ModuleTime>2019-10-09T03:45:08Z</ModuleTime>
      <ModuleName>System.ComponentModel</ModuleName>
      <Classes />
    </Module>
    <Module skippedDueTo="Filter" hash="AE-DA-31-61-BC-8E-C0-C9-13-A0-6E-2A-95-58-00-79-AE-76-28-51">
      <ModulePath>D:\GitHub\Alamut.Data\test\Alamut.Data.Test\bin\Debug\netcoreapp2.2\Alamut.Data.dll</ModulePath>
      <ModuleTime>2020-07-27T14:59:21.0913112Z</ModuleTime>
      <ModuleName>Alamut.Data</ModuleName>
      <Classes />
    </Module>
    <Module skippedDueTo="Filter" hash="63-A2-1B-0C-15-60-3E-DB-0A-8A-0C-C4-A0-48-59-2C-49-3A-88-16">
      <ModulePath>C:\Users\Soren\.nuget\packages\alamut.abstractions\0.0.5\lib\netstandard2.0\Alamut.Abstractions.dll</ModulePath>
      <ModuleTime>2019-10-02T01:13:34Z</ModuleTime>
      <ModuleName>Alamut.Abstractions</ModuleName>
      <Classes />
    </Module>
    <Module skippedDueTo="Filter" hash="B2-33-09-8F-96-19-BF-57-34-CA-AB-45-49-8A-BB-66-41-C5-3F-4B">
      <ModulePath>C:\Users\Soren\.nuget\packages\microsoft.codecoverage\16.0.1\lib\netcoreapp1.0\Microsoft.VisualStudio.CodeCoverage.Shim.dll</ModulePath>
      <ModuleTime>2019-03-04T04:44:00Z</ModuleTime>
      <ModuleName>Microsoft.VisualStudio.CodeCoverage.Shim</ModuleName>
      <Classes />
    </Module>
    <Module skippedDueTo="Filter" hash="3B-F8-BC-EA-6D-6C-C7-03-70-A6-D8-37-15-8E-BA-81-75-8C-DA-1E">
      <ModulePath>C:\Program Files\dotnet\shared\Microsoft.NETCore.App\2.2.8\mscorlib.dll</ModulePath>
      <ModuleTime>2019-10-09T03:45:08Z</ModuleTime>
      <ModuleName>mscorlib</ModuleName>
      <Classes />
    </Module>
    <Module skippedDueTo="Filter" hash="CE-DE-41-19-46-39-46-57-53-55-0A-DE-CB-EC-F3-2E-85-E5-82-C7">
      <ModulePath>C:\Users\Soren\.nuget\packages\microsoft.dotnet.platformabstractions\1.0.3\lib\netstandard1.3\Microsoft.DotNet.PlatformAbstractions.dll</ModulePath>
      <ModuleTime>2016-08-31T16:12:00Z</ModuleTime>
      <ModuleName>Microsoft.DotNet.PlatformAbstractions</ModuleName>
      <Classes />
    </Module>
    <Module skippedDueTo="Filter" hash="F0-10-0C-C4-32-BB-27-EB-39-04-47-13-68-9D-EC-32-03-1A-80-95">
      <ModulePath>C:\Users\Soren\.nuget\packages\system.interactive.async\3.2.0\lib\netstandard2.0\System.Interactive.Async.dll</ModulePath>
      <ModuleTime>2018-07-11T09:18:42Z</ModuleTime>
      <ModuleName>System.Interactive.Async</ModuleName>
      <Classes />
    </Module>
    <Module skippedDueTo="Filter" hash="CD-36-73-DD-09-E2-78-6A-3E-F9-59-D9-75-0C-EB-FE-B3-39-B8-AF">
      <ModulePath>C:\Program Files\dotnet\shared\Microsoft.NETCore.App\2.2.8\System.ComponentModel.TypeConverter.dll</ModulePath>
      <ModuleTime>2019-10-09T03:45:08Z</ModuleTime>
      <ModuleName>System.ComponentModel.TypeConverter</ModuleName>
      <Classes />
    </Module>
    <Module skippedDueTo="Filter" hash="5D-02-CC-A4-91-7C-5E-1E-75-6D-D2-31-39-E5-6F-9D-43-CD-50-C9">
      <ModulePath>C:\Users\Soren\.nuget\packages\remotion.linq\2.2.0\lib\netstandard1.0\Remotion.Linq.dll</ModulePath>
      <ModuleTime>2018-02-06T18:55:00Z</ModuleTime>
      <ModuleName>Remotion.Linq</ModuleName>
      <Classes />
    </Module>
    <Module skippedDueTo="Filter" hash="EA-45-E9-8B-90-FA-56-DC-CD-72-DA-FD-71-74-91-97-F8-7D-73-A7">
      <ModulePath>C:\Program Files\dotnet\shared\Microsoft.NETCore.App\2.2.8\System.ComponentModel.Annotations.dll</ModulePath>
      <ModuleTime>2019-10-09T03:45:08Z</ModuleTime>
      <ModuleName>System.ComponentModel.Annotations</ModuleName>
      <Classes />
    </Module>
    <Module skippedDueTo="Filter" hash="68-52-E6-C2-09-34-87-76-C7-5E-D3-D5-E5-FC-0D-03-EE-69-E0-45">
      <ModulePath>C:\Users\Soren\.nuget\packages\microsoft.entityframeworkcore.abstractions\2.2.4\lib\netstandard2.0\Microsoft.EntityFrameworkCore.Abstractions.dll</ModulePath>
      <ModuleTime>2019-03-22T00:36:24Z</ModuleTime>
      <ModuleName>Microsoft.EntityFrameworkCore.Abstractions</ModuleName>
      <Classes />
    </Module>
    <Module skippedDueTo="Filter" hash="45-3C-FC-5D-9A-9C-B9-C5-4E-C3-8F-EF-07-D7-BB-32-89-48-4C-7E">
      <ModulePath>C:\Users\Soren\.nuget\packages\microsoft.extensions.dependencyinjection.abstractions\2.2.0\lib\netstandard2.0\Microsoft.Extensions.DependencyInjection.Abstractions.dll</ModulePath>
      <ModuleTime>2018-11-10T20:56:36Z</ModuleTime>
      <ModuleName>Microsoft.Extensions.DependencyInjection.Abstractions</ModuleName>
      <Classes />
    </Module>
    <Module skippedDueTo="Filter" hash="DC-3C-09-12-D2-27-56-84-A9-58-16-40-1F-63-E1-55-FE-2B-5E-D1">
      <ModulePath>C:\Users\Soren\.nuget\packages\microsoft.extensions.logging.abstractions\2.2.0\lib\netstandard2.0\Microsoft.Extensions.Logging.Abstractions.dll</ModulePath>
      <ModuleTime>2018-11-10T20:56:40Z</ModuleTime>
      <ModuleName>Microsoft.Extensions.Logging.Abstractions</ModuleName>
      <Classes />
    </Module>
    <Module skippedDueTo="Filter" hash="41-5C-23-C1-AF-7F-21-F3-21-0C-2F-D9-C9-C9-D1-37-11-B0-EA-C3">
      <ModulePath>C:\Users\Soren\.nuget\packages\microsoft.entityframeworkcore.inmemory\2.2.4\lib\netstandard2.0\Microsoft.EntityFrameworkCore.InMemory.dll</ModulePath>
      <ModuleTime>2019-03-22T00:36:34Z</ModuleTime>
      <ModuleName>Microsoft.EntityFrameworkCore.InMemory</ModuleName>
      <Classes />
    </Module>
    <Module skippedDueTo="Filter" hash="D0-43-ED-B7-DC-BF-FA-39-91-1B-74-7F-EB-05-5F-88-AC-3F-C5-61">
      <ModulePath>C:\Program Files\dotnet\shared\Microsoft.NETCore.App\2.2.8\System.Transactions.Local.dll</ModulePath>
      <ModuleTime>2019-10-09T03:45:10Z</ModuleTime>
      <ModuleName>System.Transactions.Local</ModuleName>
      <Classes />
    </Module>
    <Module skippedDueTo="Filter" hash="EC-4F-76-95-B3-8E-AB-6B-05-C3-07-72-58-F8-BC-0E-AC-47-F4-E4">
      <ModulePath>C:\Users\Soren\.nuget\packages\microsoft.extensions.caching.abstractions\2.2.0\lib\netstandard2.0\Microsoft.Extensions.Caching.Abstractions.dll</ModulePath>
      <ModuleTime>2018-11-10T20:56:38Z</ModuleTime>
      <ModuleName>Microsoft.Extensions.Caching.Abstractions</ModuleName>
      <Classes />
    </Module>
    <Module skippedDueTo="Filter" hash="35-F3-76-4D-42-49-0A-D6-42-BB-4A-16-40-2F-78-06-F4-E5-B5-15">
      <ModulePath>C:\Users\Soren\.nuget\packages\microsoft.extensions.caching.memory\2.2.0\lib\netstandard2.0\Microsoft.Extensions.Caching.Memory.dll</ModulePath>
      <ModuleTime>2018-11-10T20:56:46Z</ModuleTime>
      <ModuleName>Microsoft.Extensions.Caching.Memory</ModuleName>
      <Classes />
    </Module>
    <Module skippedDueTo="Filter" hash="12-28-5F-FD-A4-8A-64-2F-3B-06-B0-6C-E7-3F-79-34-14-75-C0-06">
      <ModulePath>C:\Users\Soren\.nuget\packages\microsoft.extensions.primitives\2.2.0\lib\netstandard2.0\Microsoft.Extensions.Primitives.dll</ModulePath>
      <ModuleTime>2018-11-10T20:56:36Z</ModuleTime>
      <ModuleName>Microsoft.Extensions.Primitives</ModuleName>
      <Classes />
    </Module>
    <Module skippedDueTo="Filter" hash="76-37-21-AA-95-EB-35-4F-E7-CB-88-AC-5E-AD-BF-6D-85-4B-C5-CB">
      <ModulePath>C:\Users\Soren\.nuget\packages\microsoft.extensions.options\2.2.0\lib\netstandard2.0\Microsoft.Extensions.Options.dll</ModulePath>
      <ModuleTime>2018-11-10T20:56:38Z</ModuleTime>
      <ModuleName>Microsoft.Extensions.Options</ModuleName>
      <Classes />
    </Module>
    <Module skippedDueTo="Filter" hash="7A-F4-F0-B8-A4-A7-B7-57-63-BB-C7-2C-5C-3E-DF-3D-85-FD-8A-50">
      <ModulePath>C:\Users\Soren\.nuget\packages\microsoft.extensions.configuration\2.2.0\lib\netstandard2.0\Microsoft.Extensions.Configuration.dll</ModulePath>
      <ModuleTime>2018-11-10T20:57:02Z</ModuleTime>
      <ModuleName>Microsoft.Extensions.Configuration</ModuleName>
      <Classes />
    </Module>
    <Module skippedDueTo="Filter" hash="F1-9F-20-D7-58-DA-E8-56-3F-C4-91-4C-73-7E-06-F1-29-2F-58-E2">
      <ModulePath>C:\Users\Soren\.nuget\packages\microsoft.extensions.configuration.abstractions\2.2.0\lib\netstandard2.0\Microsoft.Extensions.Configuration.Abstractions.dll</ModulePath>
      <ModuleTime>2018-11-10T20:56:38Z</ModuleTime>
      <ModuleName>Microsoft.Extensions.Configuration.Abstractions</ModuleName>
      <Classes />
    </Module>
    <Module skippedDueTo="Filter" hash="4B-70-D0-39-28-84-C1-DF-D5-EC-66-24-2E-F5-8F-7F-80-4F-58-E8">
      <ModulePath>C:\Users\Soren\.nuget\packages\microsoft.extensions.configuration.binder\2.2.0\lib\netstandard2.0\Microsoft.Extensions.Configuration.Binder.dll</ModulePath>
      <ModuleTime>2018-11-10T20:57:02Z</ModuleTime>
      <ModuleName>Microsoft.Extensions.Configuration.Binder</ModuleName>
      <Classes />
    </Module>
    <Module skippedDueTo="Filter" hash="68-A1-92-33-EB-39-05-0B-BC-DE-8D-ED-96-E7-1C-A0-7A-A6-35-90">
      <ModulePath>C:\Users\Soren\.nuget\packages\microsoft.extensions.dependencyinjection\2.2.0\lib\netcoreapp2.0\Microsoft.Extensions.DependencyInjection.dll</ModulePath>
      <ModuleTime>2018-11-10T20:56:44Z</ModuleTime>
      <ModuleName>Microsoft.Extensions.DependencyInjection</ModuleName>
      <Classes />
    </Module>
    <Module skippedDueTo="Filter" hash="8E-A6-B6-61-04-AF-F0-50-EC-AF-5B-E4-89-CA-EE-17-79-87-F5-6B">
      <ModulePath>C:\Users\Soren\.nuget\packages\microsoft.extensions.dependencymodel\1.0.3\lib\netstandard1.6\Microsoft.Extensions.DependencyModel.dll</ModulePath>
      <ModuleTime>2016-08-31T17:12:00Z</ModuleTime>
      <ModuleName>Microsoft.Extensions.DependencyModel</ModuleName>
      <Classes />
    </Module>
    <Module skippedDueTo="Filter" hash="71-29-00-D6-38-16-7A-85-01-7A-B7-F9-91-19-96-4D-84-E0-A3-9F">
      <ModulePath>C:\Users\Soren\.nuget\packages\microsoft.extensions.logging\2.2.0\lib\netstandard2.0\Microsoft.Extensions.Logging.dll</ModulePath>
      <ModuleTime>2018-11-10T20:57:18Z</ModuleTime>
      <ModuleName>Microsoft.Extensions.Logging</ModuleName>
      <Classes />
    </Module>
    <Module skippedDueTo="Filter" hash="88-F7-C7-D2-60-DD-C9-3C-21-18-AF-51-ED-A2-55-1D-1A-74-18-54">
      <ModulePath>C:\Program Files\dotnet\shared\Microsoft.NETCore.App\2.2.8\System.Diagnostics.TextWriterTraceListener.dll</ModulePath>
      <ModuleTime>2019-10-09T03:45:08Z</ModuleTime>
      <ModuleName>System.Diagnostics.TextWriterTraceListener</ModuleName>
      <Classes />
    </Module>
    <Module skippedDueTo="Filter" hash="31-01-E5-AE-AC-1D-ED-06-02-54-03-71-38-61-BC-3B-8D-F6-12-07">
      <ModulePath>C:\Users\Soren\.nuget\packages\microsoft.testplatform.testhost\16.0.1\lib\netstandard1.5\Microsoft.TestPlatform.Utilities.dll</ModulePath>
      <ModuleTime>2019-03-04T04:44:18Z</ModuleTime>
      <ModuleName>Microsoft.TestPlatform.Utilities</ModuleName>
      <Classes />
    </Module>
    <Module skippedDueTo="Filter" hash="5C-75-8A-1E-FA-B7-C3-E5-15-2B-1A-C6-2E-DE-15-EA-65-61-57-AD">
      <ModulePath>C:\Program Files\dotnet\shared\Microsoft.NETCore.App\2.2.8\System.ComponentModel.EventBasedAsync.dll</ModulePath>
      <ModuleTime>2019-10-09T03:45:08Z</ModuleTime>
      <ModuleName>System.ComponentModel.EventBasedAsync</ModuleName>
      <Classes />
    </Module>
    <Module skippedDueTo="Filter" hash="72-1E-23-69-BB-19-5D-FC-E9-8B-8B-14-47-85-14-16-C8-C7-4F-3B">
      <ModulePath>C:\Users\Soren\.nuget\packages\system.linq.dynamic.core\1.1.8\lib\netcoreapp2.1\System.Linq.Dynamic.Core.dll</ModulePath>
      <ModuleTime>2020-07-12T12:52:54Z</ModuleTime>
      <ModuleName>System.Linq.Dynamic.Core</ModuleName>
      <Classes />
    </Module>
    <Module skippedDueTo="Filter" hash="74-6F-1F-46-1A-8A-62-9A-8F-B7-C9-54-4F-2D-49-E9-FA-A3-8C-96">
      <ModulePath>C:\Users\Soren\.nuget\packages\system.runtime.compilerservices.unsafe\4.5.1\lib\netcoreapp2.0\System.Runtime.CompilerServices.Unsafe.dll</ModulePath>
      <ModuleTime>2018-06-06T08:59:04Z</ModuleTime>
      <ModuleName>System.Runtime.CompilerServices.Unsafe</ModuleName>
      <Classes />
    </Module>
    <Module skippedDueTo="Filter" hash="53-54-24-5E-85-2F-DC-31-01-9F-64-96-C1-B7-CA-E0-56-B4-71-FF">
      <ModulePath>C:\Users\Soren\.nuget\packages\system.xml.xpath.xmldocument\4.0.1\lib\netstandard1.3\System.Xml.XPath.XmlDocument.dll</ModulePath>
      <ModuleTime>2016-06-11T18:45:02Z</ModuleTime>
      <ModuleName>System.Xml.XPath.XmlDocument</ModuleName>
      <Classes />
    </Module>
    <Module skippedDueTo="Filter" hash="CD-5C-3C-D7-E1-B3-C4-CE-67-6E-AB-AA-69-E6-0D-38-FD-C3-80-82">
      <ModulePath>C:\Program Files\dotnet\shared\Microsoft.NETCore.App\2.2.8\System.Xml.XPath.dll</ModulePath>
      <ModuleTime>2019-10-09T03:45:10Z</ModuleTime>
      <ModuleName>System.Xml.XPath</ModuleName>
      <Classes />
    </Module>
    <Module skippedDueTo="Filter" hash="6F-1E-C0-64-D4-D8-C7-9F-A3-94-69-2F-09-2F-4C-25-9C-B8-F7-31">
      <ModulePath>C:\Users\Soren\.nuget\packages\xunit.assert\2.4.0\lib\netstandard2.0\xunit.assert.dll</ModulePath>
      <ModuleTime>2018-07-16T23:47:58Z</ModuleTime>
      <ModuleName>xunit.assert</ModuleName>
      <Classes />
    </Module>
    <Module skippedDueTo="Filter" hash="BF-D9-CC-4F-BB-09-8D-F5-5B-B9-3F-B8-96-3C-17-30-89-19-CF-18">
      <ModulePath>C:\Users\Soren\.nuget\packages\xunit.extensibility.core\2.4.0\lib\netstandard2.0\xunit.core.dll</ModulePath>
      <ModuleTime>2018-07-16T23:48:04Z</ModuleTime>
      <ModuleName>xunit.core</ModuleName>
      <Classes />
    </Module>
    <Module skippedDueTo="Filter" hash="3C-31-FA-E1-40-F7-A6-2D-4F-3E-87-EA-D2-43-26-1A-D4-D2-F7-ED">
      <ModulePath>C:\Users\Soren\.nuget\packages\xunit.extensibility.execution\2.4.0\lib\netstandard2.0\xunit.execution.dotnet.dll</ModulePath>
      <ModuleTime>2018-07-16T23:48:08Z</ModuleTime>
      <ModuleName>xunit.execution.dotnet</ModuleName>
      <Classes />
    </Module>
    <Module skippedDueTo="Filter" hash="90-A7-DF-82-AD-A9-23-E5-63-C9-BD-F4-06-04-65-2C-18-75-B8-B9">
      <ModulePath>C:\Program Files\dotnet\shared\Microsoft.NETCore.App\2.2.8\Microsoft.CSharp.dll</ModulePath>
      <ModuleTime>2019-10-09T03:45:08Z</ModuleTime>
      <ModuleName>Microsoft.CSharp</ModuleName>
      <Classes />
    </Module>
    <Module skippedDueTo="Filter" hash="AA-93-58-2F-7D-B8-C7-B5-00-8C-EE-D8-F8-E8-52-C5-5C-6E-BB-A1">
      <ModulePath>C:\Program Files\dotnet\shared\Microsoft.NETCore.App\2.2.8\Microsoft.VisualBasic.dll</ModulePath>
      <ModuleTime>2019-10-09T03:45:08Z</ModuleTime>
      <ModuleName>Microsoft.VisualBasic</ModuleName>
      <Classes />
    </Module>
    <Module skippedDueTo="Filter" hash="65-F4-D6-94-84-40-54-BA-E7-FC-D2-9D-E2-48-80-17-1C-D3-06-49">
      <ModulePath>C:\Program Files\dotnet\shared\Microsoft.NETCore.App\2.2.8\Microsoft.Win32.Registry.dll</ModulePath>
      <ModuleTime>2019-10-09T03:45:08Z</ModuleTime>
      <ModuleName>Microsoft.Win32.Registry</ModuleName>
      <Classes />
    </Module>
    <Module skippedDueTo="Filter" hash="46-A0-FC-0F-0B-D4-3A-59-46-C2-45-56-A0-16-2E-C9-26-90-F8-98">
      <ModulePath>C:\Program Files\dotnet\shared\Microsoft.NETCore.App\2.2.8\System.Security.AccessControl.dll</ModulePath>
      <ModuleTime>2019-10-09T03:45:10Z</ModuleTime>
      <ModuleName>System.Security.AccessControl</ModuleName>
      <Classes />
    </Module>
    <Module skippedDueTo="Filter" hash="2C-B6-46-6B-62-EB-9B-38-08-20-60-E3-CF-E4-7A-4B-9C-49-F0-03">
      <ModulePath>C:\Program Files\dotnet\shared\Microsoft.NETCore.App\2.2.8\SOS.NETCore.dll</ModulePath>
      <ModuleTime>2019-10-09T03:45:10Z</ModuleTime>
      <ModuleName>SOS.NETCore</ModuleName>
      <Classes />
    </Module>
    <Module skippedDueTo="Filter" hash="7C-21-FD-6B-78-3D-6B-07-B4-BA-DC-61-14-16-45-BA-D9-C8-7D-98">
      <ModulePath>C:\Program Files\dotnet\shared\Microsoft.NETCore.App\2.2.8\System.Collections.Concurrent.dll</ModulePath>
      <ModuleTime>2019-10-09T03:45:08Z</ModuleTime>
      <ModuleName>System.Collections.Concurrent</ModuleName>
      <Classes />
    </Module>
    <Module skippedDueTo="Filter" hash="80-7B-FF-C9-B2-7E-0D-B0-40-BC-C5-CE-38-BC-D4-FA-41-01-02-F8">
      <ModulePath>C:\Program Files\dotnet\shared\Microsoft.NETCore.App\2.2.8\System.Collections.Specialized.dll</ModulePath>
      <ModuleTime>2019-10-09T03:45:08Z</ModuleTime>
      <ModuleName>System.Collections.Specialized</ModuleName>
      <Classes />
    </Module>
    <Module skippedDueTo="Filter" hash="66-78-19-64-6D-B1-8A-42-48-3C-6F-BB-82-BF-E9-48-15-A8-49-46">
      <ModulePath>C:\Program Files\dotnet\shared\Microsoft.NETCore.App\2.2.8\System.ComponentModel.DataAnnotations.dll</ModulePath>
      <ModuleTime>2019-10-09T03:45:08Z</ModuleTime>
      <ModuleName>System.ComponentModel.DataAnnotations</ModuleName>
      <Classes />
    </Module>
    <Module skippedDueTo="Filter" hash="2E-E6-C4-08-3B-8B-DE-C8-47-74-B2-17-B7-1F-FE-51-B2-99-06-72">
      <ModulePath>C:\Program Files\dotnet\shared\Microsoft.NETCore.App\2.2.8\System.Drawing.Primitives.dll</ModulePath>
      <ModuleTime>2019-10-09T03:45:08Z</ModuleTime>
      <ModuleName>System.Drawing.Primitives</ModuleName>
      <Classes />
    </Module>
    <Module skippedDueTo="Filter" hash="70-85-FF-B8-F4-58-52-9A-3C-E8-AF-07-8C-EE-49-CD-4A-6B-8B-74">
      <ModulePath>C:\Program Files\dotnet\shared\Microsoft.NETCore.App\2.2.8\System.Configuration.dll</ModulePath>
      <ModuleTime>2019-10-09T03:45:08Z</ModuleTime>
      <ModuleName>System.Configuration</ModuleName>
      <Classes />
    </Module>
    <Module skippedDueTo="Filter" hash="E7-23-14-6D-54-67-33-4F-21-5A-25-77-25-74-9B-3C-D0-D7-59-34">
      <ModulePath>C:\Program Files\dotnet\shared\Microsoft.NETCore.App\2.2.8\System.Core.dll</ModulePath>
      <ModuleTime>2019-10-09T03:45:08Z</ModuleTime>
      <ModuleName>System.Core</ModuleName>
      <Classes />
    </Module>
    <Module skippedDueTo="Filter" hash="15-FD-59-44-54-87-F0-FA-6B-57-C8-2B-D1-39-C4-05-FF-17-6A-0A">
      <ModulePath>C:\Program Files\dotnet\shared\Microsoft.NETCore.App\2.2.8\System.Data.Common.dll</ModulePath>
      <ModuleTime>2019-10-09T03:45:08Z</ModuleTime>
      <ModuleName>System.Data.Common</ModuleName>
      <Classes />
    </Module>
    <Module skippedDueTo="Filter" hash="63-0A-1E-32-20-82-D8-A9-6E-CB-DC-C1-89-9E-15-58-9E-08-4C-55">
      <ModulePath>C:\Program Files\dotnet\shared\Microsoft.NETCore.App\2.2.8\System.Runtime.Numerics.dll</ModulePath>
      <ModuleTime>2019-10-09T03:45:10Z</ModuleTime>
      <ModuleName>System.Runtime.Numerics</ModuleName>
      <Classes />
    </Module>
    <Module skippedDueTo="Filter" hash="0A-BF-EA-54-66-62-CC-12-55-A4-2E-64-1A-1B-FB-72-34-5B-02-6F">
      <ModulePath>C:\Program Files\dotnet\shared\Microsoft.NETCore.App\2.2.8\System.Data.dll</ModulePath>
      <ModuleTime>2019-10-09T03:45:08Z</ModuleTime>
      <ModuleName>System.Data</ModuleName>
      <Classes />
    </Module>
    <Module skippedDueTo="Filter" hash="EB-65-0D-6A-F5-BA-67-FC-5E-1B-35-88-8D-D2-27-22-F6-74-54-A5">
      <ModulePath>C:\Program Files\dotnet\shared\Microsoft.NETCore.App\2.2.8\System.Diagnostics.Contracts.dll</ModulePath>
      <ModuleTime>2019-10-09T03:45:08Z</ModuleTime>
      <ModuleName>System.Diagnostics.Contracts</ModuleName>
      <Classes />
    </Module>
    <Module skippedDueTo="Filter" hash="87-24-6F-3E-98-01-A4-55-01-67-93-F7-B0-7B-22-B0-9A-85-F7-DF">
      <ModulePath>C:\Program Files\dotnet\shared\Microsoft.NETCore.App\2.2.8\System.Diagnostics.DiagnosticSource.dll</ModulePath>
      <ModuleTime>2019-10-09T03:45:08Z</ModuleTime>
      <ModuleName>System.Diagnostics.DiagnosticSource</ModuleName>
      <Classes />
    </Module>
    <Module skippedDueTo="Filter" hash="F9-7B-A2-7D-8B-18-B4-71-E9-F6-75-03-9A-2F-C0-91-F5-BA-21-44">
      <ModulePath>C:\Program Files\dotnet\shared\Microsoft.NETCore.App\2.2.8\System.Diagnostics.FileVersionInfo.dll</ModulePath>
      <ModuleTime>2019-10-09T03:45:08Z</ModuleTime>
      <ModuleName>System.Diagnostics.FileVersionInfo</ModuleName>
      <Classes />
    </Module>
    <Module skippedDueTo="Filter" hash="3B-CA-9D-57-64-4E-45-57-A1-9B-7F-F7-F5-EE-D4-76-C1-84-3B-E0">
      <ModulePath>C:\Program Files\dotnet\shared\Microsoft.NETCore.App\2.2.8\System.Diagnostics.StackTrace.dll</ModulePath>
      <ModuleTime>2019-10-09T03:45:08Z</ModuleTime>
      <ModuleName>System.Diagnostics.StackTrace</ModuleName>
      <Classes />
    </Module>
    <Module skippedDueTo="Filter" hash="92-30-31-7D-AD-F1-A1-52-77-9B-BE-4E-8F-20-DE-62-21-5D-32-96">
      <ModulePath>C:\Program Files\dotnet\shared\Microsoft.NETCore.App\2.2.8\System.Diagnostics.Tools.dll</ModulePath>
      <ModuleTime>2019-10-09T03:45:08Z</ModuleTime>
      <ModuleName>System.Diagnostics.Tools</ModuleName>
      <Classes />
    </Module>
    <Module skippedDueTo="Filter" hash="E9-49-2F-C5-A2-B8-A8-55-D4-A4-4A-C5-AA-4A-B5-63-3D-E8-3D-38">
      <ModulePath>C:\Program Files\dotnet\shared\Microsoft.NETCore.App\2.2.8\System.Drawing.dll</ModulePath>
      <ModuleTime>2019-10-09T03:45:08Z</ModuleTime>
      <ModuleName>System.Drawing</ModuleName>
      <Classes />
    </Module>
    <Module skippedDueTo="Filter" hash="B1-B5-F2-7B-F5-4C-F3-84-D0-72-52-78-FA-59-FB-3B-E6-57-0D-69">
      <ModulePath>C:\Program Files\dotnet\shared\Microsoft.NETCore.App\2.2.8\System.Globalization.Calendars.dll</ModulePath>
      <ModuleTime>2019-10-09T03:45:08Z</ModuleTime>
      <ModuleName>System.Globalization.Calendars</ModuleName>
      <Classes />
    </Module>
    <Module skippedDueTo="Filter" hash="50-26-CF-FD-3C-B2-D0-7C-08-01-19-CE-4E-36-2D-16-8D-96-ED-7A">
      <ModulePath>C:\Program Files\dotnet\shared\Microsoft.NETCore.App\2.2.8\System.Globalization.Extensions.dll</ModulePath>
      <ModuleTime>2019-10-09T03:45:08Z</ModuleTime>
      <ModuleName>System.Globalization.Extensions</ModuleName>
      <Classes />
    </Module>
    <Module skippedDueTo="Filter" hash="3B-8F-BB-6A-CF-BF-D0-59-26-53-F8-7B-DA-70-1F-1A-1C-3F-8E-49">
      <ModulePath>C:\Program Files\dotnet\shared\Microsoft.NETCore.App\2.2.8\System.IO.Compression.Brotli.dll</ModulePath>
      <ModuleTime>2019-10-09T03:45:08Z</ModuleTime>
      <ModuleName>System.IO.Compression.Brotli</ModuleName>
      <Classes />
    </Module>
    <Module skippedDueTo="Filter" hash="B9-90-79-AC-70-D9-DA-71-BA-CC-4D-7E-94-4B-E6-15-70-71-A3-E6">
      <ModulePath>C:\Program Files\dotnet\shared\Microsoft.NETCore.App\2.2.8\System.IO.Compression.dll</ModulePath>
      <ModuleTime>2019-10-09T03:45:08Z</ModuleTime>
      <ModuleName>System.IO.Compression</ModuleName>
      <Classes />
    </Module>
    <Module skippedDueTo="Filter" hash="8F-0B-F1-20-78-7F-C7-8A-82-43-B6-2B-05-E0-C2-6B-66-97-6D-BC">
      <ModulePath>C:\Program Files\dotnet\shared\Microsoft.NETCore.App\2.2.8\System.IO.Compression.FileSystem.dll</ModulePath>
      <ModuleTime>2019-10-09T03:45:08Z</ModuleTime>
      <ModuleName>System.IO.Compression.FileSystem</ModuleName>
      <Classes />
    </Module>
    <Module skippedDueTo="Filter" hash="E3-2E-FB-6B-7F-62-3F-F8-18-80-2C-08-DC-6B-74-9F-68-C0-F2-0A">
      <ModulePath>C:\Program Files\dotnet\shared\Microsoft.NETCore.App\2.2.8\System.IO.Compression.ZipFile.dll</ModulePath>
      <ModuleTime>2019-10-09T03:45:08Z</ModuleTime>
      <ModuleName>System.IO.Compression.ZipFile</ModuleName>
      <Classes />
    </Module>
    <Module skippedDueTo="Filter" hash="D6-D3-A7-9D-29-B3-CF-6A-32-3F-54-26-54-46-49-C2-69-21-83-D4">
      <ModulePath>C:\Program Files\dotnet\shared\Microsoft.NETCore.App\2.2.8\System.IO.FileSystem.AccessControl.dll</ModulePath>
      <ModuleTime>2019-10-09T03:45:08Z</ModuleTime>
      <ModuleName>System.IO.FileSystem.AccessControl</ModuleName>
      <Classes />
    </Module>
    <Module skippedDueTo="Filter" hash="F9-58-18-36-FA-59-AE-8C-FF-8E-EA-D6-85-71-4A-74-54-D5-CC-7D">
      <ModulePath>C:\Program Files\dotnet\shared\Microsoft.NETCore.App\2.2.8\System.IO.FileSystem.DriveInfo.dll</ModulePath>
      <ModuleTime>2019-10-09T03:45:08Z</ModuleTime>
      <ModuleName>System.IO.FileSystem.DriveInfo</ModuleName>
      <Classes />
    </Module>
    <Module skippedDueTo="Filter" hash="B9-3A-F9-57-33-99-22-D6-3C-32-35-2A-12-28-15-C6-DF-6B-5C-E2">
      <ModulePath>C:\Program Files\dotnet\shared\Microsoft.NETCore.App\2.2.8\System.IO.FileSystem.Watcher.dll</ModulePath>
      <ModuleTime>2019-10-09T03:45:08Z</ModuleTime>
      <ModuleName>System.IO.FileSystem.Watcher</ModuleName>
      <Classes />
    </Module>
    <Module skippedDueTo="Filter" hash="A9-41-39-AC-FE-BA-C2-45-F8-65-CA-5B-32-42-40-97-95-E1-D0-AC">
      <ModulePath>C:\Program Files\dotnet\shared\Microsoft.NETCore.App\2.2.8\System.IO.IsolatedStorage.dll</ModulePath>
      <ModuleTime>2019-10-09T03:45:08Z</ModuleTime>
      <ModuleName>System.IO.IsolatedStorage</ModuleName>
      <Classes />
    </Module>
    <Module skippedDueTo="Filter" hash="85-91-55-17-23-6C-B6-B5-B7-F2-47-73-E3-A4-10-E9-E5-28-B7-18">
      <ModulePath>C:\Program Files\dotnet\shared\Microsoft.NETCore.App\2.2.8\System.IO.MemoryMappedFiles.dll</ModulePath>
      <ModuleTime>2019-10-09T03:45:08Z</ModuleTime>
      <ModuleName>System.IO.MemoryMappedFiles</ModuleName>
      <Classes />
    </Module>
    <Module skippedDueTo="Filter" hash="02-BD-74-18-72-10-58-32-1C-1E-98-C4-DF-C9-25-19-1E-14-E5-1C">
      <ModulePath>C:\Program Files\dotnet\shared\Microsoft.NETCore.App\2.2.8\System.IO.Pipes.AccessControl.dll</ModulePath>
      <ModuleTime>2019-10-09T03:45:08Z</ModuleTime>
      <ModuleName>System.IO.Pipes.AccessControl</ModuleName>
      <Classes />
    </Module>
    <Module skippedDueTo="Filter" hash="5D-B7-7B-BC-CA-AE-23-3C-01-5C-87-40-FC-76-A0-4A-AB-C4-AB-41">
      <ModulePath>C:\Program Files\dotnet\shared\Microsoft.NETCore.App\2.2.8\System.IO.Pipes.dll</ModulePath>
      <ModuleTime>2019-10-09T03:45:08Z</ModuleTime>
      <ModuleName>System.IO.Pipes</ModuleName>
      <Classes />
    </Module>
    <Module skippedDueTo="Filter" hash="D7-41-43-7B-F0-94-21-08-8C-9C-B4-D0-D3-00-18-EA-BF-FF-E4-6A">
      <ModulePath>C:\Program Files\dotnet\shared\Microsoft.NETCore.App\2.2.8\System.IO.UnmanagedMemoryStream.dll</ModulePath>
      <ModuleTime>2019-10-09T03:45:08Z</ModuleTime>
      <ModuleName>System.IO.UnmanagedMemoryStream</ModuleName>
      <Classes />
    </Module>
    <Module skippedDueTo="Filter" hash="4B-1B-D9-91-A1-5F-63-EB-DF-77-1F-0D-DE-23-5A-63-3F-22-A2-AD">
      <ModulePath>C:\Program Files\dotnet\shared\Microsoft.NETCore.App\2.2.8\System.Linq.Parallel.dll</ModulePath>
      <ModuleTime>2019-10-09T03:45:08Z</ModuleTime>
      <ModuleName>System.Linq.Parallel</ModuleName>
      <Classes />
    </Module>
    <Module skippedDueTo="Filter" hash="3F-7D-28-20-41-28-15-D3-D9-82-7E-D0-27-1C-F1-CA-5B-4A-66-55">
      <ModulePath>C:\Program Files\dotnet\shared\Microsoft.NETCore.App\2.2.8\System.Linq.Queryable.dll</ModulePath>
      <ModuleTime>2019-10-09T03:45:08Z</ModuleTime>
      <ModuleName>System.Linq.Queryable</ModuleName>
      <Classes />
    </Module>
    <Module skippedDueTo="Filter" hash="14-95-3B-9A-81-5D-9C-7A-24-D3-FB-60-DD-72-60-47-1E-C5-4B-CC">
      <ModulePath>C:\Program Files\dotnet\shared\Microsoft.NETCore.App\2.2.8\System.Net.Http.dll</ModulePath>
      <ModuleTime>2019-10-09T03:45:08Z</ModuleTime>
      <ModuleName>System.Net.Http</ModuleName>
      <Classes />
    </Module>
    <Module skippedDueTo="Filter" hash="3D-50-B5-17-65-29-8F-A9-B3-7B-3D-6B-D1-E2-D9-28-E3-61-39-66">
      <ModulePath>C:\Program Files\dotnet\shared\Microsoft.NETCore.App\2.2.8\System.Net.Security.dll</ModulePath>
      <ModuleTime>2019-10-09T03:45:10Z</ModuleTime>
      <ModuleName>System.Net.Security</ModuleName>
      <Classes />
    </Module>
    <Module skippedDueTo="Filter" hash="C7-7E-72-41-F0-34-D5-81-BF-07-3B-27-C2-FA-71-0A-AA-C2-4F-BA">
      <ModulePath>C:\Program Files\dotnet\shared\Microsoft.NETCore.App\2.2.8\System.Net.HttpListener.dll</ModulePath>
      <ModuleTime>2019-10-09T03:45:10Z</ModuleTime>
      <ModuleName>System.Net.HttpListener</ModuleName>
      <Classes />
    </Module>
    <Module skippedDueTo="Filter" hash="C7-9D-01-8C-C0-32-0D-6D-3B-18-DF-1E-95-7B-32-CC-AD-95-43-9D">
      <ModulePath>C:\Program Files\dotnet\shared\Microsoft.NETCore.App\2.2.8\System.Net.WebSockets.dll</ModulePath>
      <ModuleTime>2019-10-09T03:45:10Z</ModuleTime>
      <ModuleName>System.Net.WebSockets</ModuleName>
      <Classes />
    </Module>
    <Module skippedDueTo="Filter" hash="66-08-A3-FF-F1-7A-B6-27-D9-79-7A-53-5F-F7-FC-E3-E6-2A-02-FB">
      <ModulePath>C:\Program Files\dotnet\shared\Microsoft.NETCore.App\2.2.8\System.Net.Mail.dll</ModulePath>
      <ModuleTime>2019-10-09T03:45:10Z</ModuleTime>
      <ModuleName>System.Net.Mail</ModuleName>
      <Classes />
    </Module>
    <Module skippedDueTo="Filter" hash="0C-8E-77-5B-23-60-81-3D-3A-23-11-9B-E7-EB-4B-F6-B2-40-B3-39">
      <ModulePath>C:\Program Files\dotnet\shared\Microsoft.NETCore.App\2.2.8\System.Net.NetworkInformation.dll</ModulePath>
      <ModuleTime>2019-10-09T03:45:10Z</ModuleTime>
      <ModuleName>System.Net.NetworkInformation</ModuleName>
      <Classes />
    </Module>
    <Module skippedDueTo="Filter" hash="98-7A-D4-CF-80-DD-B2-D7-E8-79-8C-88-4A-33-56-41-14-89-D3-9F">
      <ModulePath>C:\Program Files\dotnet\shared\Microsoft.NETCore.App\2.2.8\System.Net.Ping.dll</ModulePath>
      <ModuleTime>2019-10-09T03:45:10Z</ModuleTime>
      <ModuleName>System.Net.Ping</ModuleName>
      <Classes />
    </Module>
    <Module skippedDueTo="Filter" hash="22-CA-EC-FE-70-E2-A7-A9-A0-74-32-0D-9D-3A-F1-C4-71-0D-53-BA">
      <ModulePath>C:\Program Files\dotnet\shared\Microsoft.NETCore.App\2.2.8\System.Net.Requests.dll</ModulePath>
      <ModuleTime>2019-10-09T03:45:10Z</ModuleTime>
      <ModuleName>System.Net.Requests</ModuleName>
      <Classes />
    </Module>
    <Module skippedDueTo="Filter" hash="FA-1F-87-84-6A-71-BA-AA-6C-E8-9C-33-80-8B-D9-49-6B-F1-AC-99">
      <ModulePath>C:\Program Files\dotnet\shared\Microsoft.NETCore.App\2.2.8\System.Security.Cryptography.X509Certificates.dll</ModulePath>
      <ModuleTime>2019-10-09T03:45:10Z</ModuleTime>
      <ModuleName>System.Security.Cryptography.X509Certificates</ModuleName>
      <Classes />
    </Module>
    <Module skippedDueTo="Filter" hash="E5-A2-43-5A-16-45-9B-0E-79-D1-82-EF-DC-14-CF-D2-BC-FE-66-EE">
      <ModulePath>C:\Program Files\dotnet\shared\Microsoft.NETCore.App\2.2.8\System.Net.ServicePoint.dll</ModulePath>
      <ModuleTime>2019-10-09T03:45:10Z</ModuleTime>
      <ModuleName>System.Net.ServicePoint</ModuleName>
      <Classes />
    </Module>
    <Module skippedDueTo="Filter" hash="D8-8A-D3-24-70-ED-CE-D9-4C-49-D7-20-C6-68-F3-43-E0-EB-46-EF">
      <ModulePath>C:\Program Files\dotnet\shared\Microsoft.NETCore.App\2.2.8\System.Net.WebClient.dll</ModulePath>
      <ModuleTime>2019-10-09T03:45:10Z</ModuleTime>
      <ModuleName>System.Net.WebClient</ModuleName>
      <Classes />
    </Module>
    <Module skippedDueTo="Filter" hash="A9-49-66-A3-D5-FE-04-E2-B8-E8-F8-79-70-47-02-31-64-1C-F0-1E">
      <ModulePath>C:\Program Files\dotnet\shared\Microsoft.NETCore.App\2.2.8\System.Net.WebHeaderCollection.dll</ModulePath>
      <ModuleTime>2019-10-09T03:45:10Z</ModuleTime>
      <ModuleName>System.Net.WebHeaderCollection</ModuleName>
      <Classes />
    </Module>
    <Module skippedDueTo="Filter" hash="A5-B2-7F-6E-CC-3E-01-05-30-A5-4D-5C-BC-41-C2-95-D4-A2-1C-BB">
      <ModulePath>C:\Program Files\dotnet\shared\Microsoft.NETCore.App\2.2.8\System.Net.WebProxy.dll</ModulePath>
      <ModuleTime>2019-10-09T03:45:10Z</ModuleTime>
      <ModuleName>System.Net.WebProxy</ModuleName>
      <Classes />
    </Module>
    <Module skippedDueTo="Filter" hash="3F-60-42-C2-81-AF-4D-6B-BD-C0-2E-52-19-C2-D7-A1-B5-C7-8F-8C">
      <ModulePath>C:\Program Files\dotnet\shared\Microsoft.NETCore.App\2.2.8\System.Net.WebSockets.Client.dll</ModulePath>
      <ModuleTime>2019-10-09T03:45:10Z</ModuleTime>
      <ModuleName>System.Net.WebSockets.Client</ModuleName>
      <Classes />
    </Module>
    <Module skippedDueTo="Filter" hash="1D-7E-6B-40-EA-75-41-54-3B-54-D6-BC-56-4D-50-83-C8-B3-42-C7">
      <ModulePath>C:\Program Files\dotnet\shared\Microsoft.NETCore.App\2.2.8\System.Net.dll</ModulePath>
      <ModuleTime>2019-10-09T03:45:10Z</ModuleTime>
      <ModuleName>System.Net</ModuleName>
      <Classes />
    </Module>
    <Module skippedDueTo="Filter" hash="17-DE-51-70-50-9A-0F-2B-C5-71-E4-36-5C-7A-92-A3-A4-65-0C-87">
      <ModulePath>C:\Program Files\dotnet\shared\Microsoft.NETCore.App\2.2.8\System.Numerics.Vectors.dll</ModulePath>
      <ModuleTime>2019-10-09T03:45:10Z</ModuleTime>
      <ModuleName>System.Numerics.Vectors</ModuleName>
      <Classes />
    </Module>
    <Module skippedDueTo="Filter" hash="91-AD-29-34-E2-8B-B8-BF-90-26-BA-8C-B5-1E-C0-65-2B-A1-5F-83">
      <ModulePath>C:\Program Files\dotnet\shared\Microsoft.NETCore.App\2.2.8\System.Numerics.dll</ModulePath>
      <ModuleTime>2019-10-09T03:45:10Z</ModuleTime>
      <ModuleName>System.Numerics</ModuleName>
      <Classes />
    </Module>
    <Module skippedDueTo="Filter" hash="5F-1F-4A-CA-D9-50-E7-83-1A-1A-F6-56-00-4C-C6-20-01-20-68-6D">
      <ModulePath>C:\Program Files\dotnet\shared\Microsoft.NETCore.App\2.2.8\System.Private.DataContractSerialization.dll</ModulePath>
      <ModuleTime>2019-10-09T03:45:10Z</ModuleTime>
      <ModuleName>System.Private.DataContractSerialization</ModuleName>
      <Classes />
    </Module>
    <Module skippedDueTo="Filter" hash="D5-B0-C7-6C-E9-F1-F7-59-78-81-6A-EB-0A-AA-76-AC-85-BE-5B-10">
      <ModulePath>C:\Program Files\dotnet\shared\Microsoft.NETCore.App\2.2.8\System.Reflection.Emit.ILGeneration.dll</ModulePath>
      <ModuleTime>2019-10-09T03:45:10Z</ModuleTime>
      <ModuleName>System.Reflection.Emit.ILGeneration</ModuleName>
      <Classes />
    </Module>
    <Module skippedDueTo="Filter" hash="37-90-0D-F4-85-E4-A0-F0-C3-77-42-86-39-51-A5-87-1C-1F-B9-BC">
      <ModulePath>C:\Program Files\dotnet\shared\Microsoft.NETCore.App\2.2.8\System.Reflection.DispatchProxy.dll</ModulePath>
      <ModuleTime>2019-10-09T03:45:10Z</ModuleTime>
      <ModuleName>System.Reflection.DispatchProxy</ModuleName>
      <Classes />
    </Module>
    <Module skippedDueTo="Filter" hash="42-1B-A8-FD-52-7B-4D-A6-9D-A1-BC-26-F1-A7-C2-A1-96-0E-B1-E4">
      <ModulePath>C:\Program Files\dotnet\shared\Microsoft.NETCore.App\2.2.8\System.Reflection.Emit.Lightweight.dll</ModulePath>
      <ModuleTime>2019-10-09T03:45:10Z</ModuleTime>
      <ModuleName>System.Reflection.Emit.Lightweight</ModuleName>
      <Classes />
    </Module>
    <Module skippedDueTo="Filter" hash="A5-9A-BD-B8-CF-BC-C1-7D-F7-FD-64-57-DA-9D-81-CD-61-1E-0F-C5">
      <ModulePath>C:\Program Files\dotnet\shared\Microsoft.NETCore.App\2.2.8\System.Reflection.Emit.dll</ModulePath>
      <ModuleTime>2019-10-09T03:45:10Z</ModuleTime>
      <ModuleName>System.Reflection.Emit</ModuleName>
      <Classes />
    </Module>
    <Module skippedDueTo="Filter" hash="C8-52-B3-D9-6A-58-4E-36-BB-32-4A-9B-91-83-88-E9-B2-72-BB-53">
      <ModulePath>C:\Program Files\dotnet\shared\Microsoft.NETCore.App\2.2.8\System.Reflection.Primitives.dll</ModulePath>
      <ModuleTime>2019-10-09T03:45:10Z</ModuleTime>
      <ModuleName>System.Reflection.Primitives</ModuleName>
      <Classes />
    </Module>
    <Module skippedDueTo="Filter" hash="CF-56-58-19-72-46-7F-63-55-4B-2F-01-85-58-88-A5-94-76-39-01">
      <ModulePath>C:\Program Files\dotnet\shared\Microsoft.NETCore.App\2.2.8\System.Resources.Reader.dll</ModulePath>
      <ModuleTime>2019-10-09T03:45:10Z</ModuleTime>
      <ModuleName>System.Resources.Reader</ModuleName>
      <Classes />
    </Module>
    <Module skippedDueTo="Filter" hash="70-44-81-3E-97-20-E2-0A-D8-72-9D-16-FB-6A-72-99-08-26-2A-79">
      <ModulePath>C:\Program Files\dotnet\shared\Microsoft.NETCore.App\2.2.8\System.Resources.Writer.dll</ModulePath>
      <ModuleTime>2019-10-09T03:45:10Z</ModuleTime>
      <ModuleName>System.Resources.Writer</ModuleName>
      <Classes />
    </Module>
    <Module skippedDueTo="Filter" hash="D5-86-1E-1E-D0-14-F4-D6-D3-9A-1A-F1-24-72-24-1E-47-E0-8E-E7">
      <ModulePath>C:\Program Files\dotnet\shared\Microsoft.NETCore.App\2.2.8\System.Runtime.CompilerServices.VisualC.dll</ModulePath>
      <ModuleTime>2019-10-09T03:45:10Z</ModuleTime>
      <ModuleName>System.Runtime.CompilerServices.VisualC</ModuleName>
      <Classes />
    </Module>
    <Module skippedDueTo="Filter" hash="37-14-1C-32-09-5B-50-A6-1C-FF-27-AB-E8-AA-A2-96-6F-0E-89-EF">
      <ModulePath>C:\Program Files\dotnet\shared\Microsoft.NETCore.App\2.2.8\System.Runtime.Handles.dll</ModulePath>
      <ModuleTime>2019-10-09T03:45:10Z</ModuleTime>
      <ModuleName>System.Runtime.Handles</ModuleName>
      <Classes />
    </Module>
    <Module skippedDueTo="Filter" hash="8C-8E-55-4B-EC-87-24-85-85-DB-E9-14-BE-64-78-6F-C5-7E-52-F5">
      <ModulePath>C:\Program Files\dotnet\shared\Microsoft.NETCore.App\2.2.8\System.Runtime.InteropServices.WindowsRuntime.dll</ModulePath>
      <ModuleTime>2019-10-09T03:45:10Z</ModuleTime>
      <ModuleName>System.Runtime.InteropServices.WindowsRuntime</ModuleName>
      <Classes />
    </Module>
    <Module skippedDueTo="Filter" hash="CF-84-A9-F9-82-07-5E-5F-D2-B4-89-F1-3A-80-50-6C-5B-68-BC-D4">
      <ModulePath>C:\Program Files\dotnet\shared\Microsoft.NETCore.App\2.2.8\System.Runtime.Serialization.Formatters.dll</ModulePath>
      <ModuleTime>2019-10-09T03:45:10Z</ModuleTime>
      <ModuleName>System.Runtime.Serialization.Formatters</ModuleName>
      <Classes />
    </Module>
    <Module skippedDueTo="Filter" hash="D3-B4-F1-B6-D6-A9-4B-3C-D8-C0-7E-BB-95-5D-24-23-11-CC-96-02">
      <ModulePath>C:\Program Files\dotnet\shared\Microsoft.NETCore.App\2.2.8\System.Runtime.Serialization.Json.dll</ModulePath>
      <ModuleTime>2019-10-09T03:45:10Z</ModuleTime>
      <ModuleName>System.Runtime.Serialization.Json</ModuleName>
      <Classes />
    </Module>
    <Module skippedDueTo="Filter" hash="F2-5E-9F-9D-33-20-57-AC-E6-D2-B3-8D-60-D2-84-28-AC-F4-6F-99">
      <ModulePath>C:\Program Files\dotnet\shared\Microsoft.NETCore.App\2.2.8\System.Runtime.Serialization.Xml.dll</ModulePath>
      <ModuleTime>2019-10-09T03:45:10Z</ModuleTime>
      <ModuleName>System.Runtime.Serialization.Xml</ModuleName>
      <Classes />
    </Module>
    <Module skippedDueTo="Filter" hash="FC-AB-4D-2E-0E-C6-91-A3-90-32-A2-E2-F5-1D-E7-BD-17-73-99-5E">
      <ModulePath>C:\Program Files\dotnet\shared\Microsoft.NETCore.App\2.2.8\System.Runtime.Serialization.dll</ModulePath>
      <ModuleTime>2019-10-09T03:45:10Z</ModuleTime>
      <ModuleName>System.Runtime.Serialization</ModuleName>
      <Classes />
    </Module>
    <Module skippedDueTo="Filter" hash="15-37-BC-15-22-34-15-AA-FC-63-95-B4-DF-C1-55-26-C1-3A-D5-99">
      <ModulePath>C:\Program Files\dotnet\shared\Microsoft.NETCore.App\2.2.8\System.Security.Cryptography.Encoding.dll</ModulePath>
      <ModuleTime>2019-10-09T03:45:10Z</ModuleTime>
      <ModuleName>System.Security.Cryptography.Encoding</ModuleName>
      <Classes />
    </Module>
    <Module skippedDueTo="Filter" hash="49-63-76-FD-F4-85-AA-DB-01-A4-A9-26-AB-EA-7F-67-09-08-EE-E3">
      <ModulePath>C:\Program Files\dotnet\shared\Microsoft.NETCore.App\2.2.8\System.Security.Cryptography.Primitives.dll</ModulePath>
      <ModuleTime>2019-10-09T03:45:10Z</ModuleTime>
      <ModuleName>System.Security.Cryptography.Primitives</ModuleName>
      <Classes />
    </Module>
    <Module skippedDueTo="Filter" hash="B1-B1-6F-D6-A1-FF-70-6F-ED-DC-63-C0-3F-00-1C-45-8B-7F-D1-5F">
      <ModulePath>C:\Program Files\dotnet\shared\Microsoft.NETCore.App\2.2.8\System.Security.Cryptography.Cng.dll</ModulePath>
      <ModuleTime>2019-10-09T03:45:10Z</ModuleTime>
      <ModuleName>System.Security.Cryptography.Cng</ModuleName>
      <Classes />
    </Module>
    <Module skippedDueTo="Filter" hash="D6-11-E4-2F-62-B8-B6-53-0B-C7-41-CF-3B-96-80-E6-08-AE-97-D4">
      <ModulePath>C:\Program Files\dotnet\shared\Microsoft.NETCore.App\2.2.8\System.Security.Cryptography.Csp.dll</ModulePath>
      <ModuleTime>2019-10-09T03:45:10Z</ModuleTime>
      <ModuleName>System.Security.Cryptography.Csp</ModuleName>
      <Classes />
    </Module>
    <Module skippedDueTo="Filter" hash="AF-06-F3-56-EC-BB-F3-B6-3B-26-E8-1F-7C-EE-67-48-DA-74-D5-42">
      <ModulePath>C:\Program Files\dotnet\shared\Microsoft.NETCore.App\2.2.8\System.Security.Cryptography.OpenSsl.dll</ModulePath>
      <ModuleTime>2019-10-09T03:45:10Z</ModuleTime>
      <ModuleName>System.Security.Cryptography.OpenSsl</ModuleName>
      <Classes />
    </Module>
    <Module skippedDueTo="Filter" hash="E8-08-FE-E1-E2-5F-9A-E9-2E-D5-7F-A9-FD-37-3A-18-63-C3-6C-89">
      <ModulePath>C:\Program Files\dotnet\shared\Microsoft.NETCore.App\2.2.8\System.Security.SecureString.dll</ModulePath>
      <ModuleTime>2019-10-09T03:45:10Z</ModuleTime>
      <ModuleName>System.Security.SecureString</ModuleName>
      <Classes />
    </Module>
    <Module skippedDueTo="Filter" hash="86-E0-78-A5-0C-82-EA-09-8E-F2-C0-59-81-13-95-29-91-39-BC-48">
      <ModulePath>C:\Program Files\dotnet\shared\Microsoft.NETCore.App\2.2.8\System.Security.dll</ModulePath>
      <ModuleTime>2019-10-09T03:45:10Z</ModuleTime>
      <ModuleName>System.Security</ModuleName>
      <Classes />
    </Module>
    <Module skippedDueTo="Filter" hash="9E-6C-F5-1B-92-5C-36-46-B5-DE-AD-9D-93-59-A9-18-98-DB-A5-5D">
      <ModulePath>C:\Program Files\dotnet\shared\Microsoft.NETCore.App\2.2.8\System.ServiceModel.Web.dll</ModulePath>
      <ModuleTime>2019-10-09T03:45:10Z</ModuleTime>
      <ModuleName>System.ServiceModel.Web</ModuleName>
      <Classes />
    </Module>
    <Module skippedDueTo="Filter" hash="29-BC-1A-60-F2-47-4C-54-03-6D-80-A3-C3-AF-1C-12-D0-77-D4-97">
      <ModulePath>C:\Program Files\dotnet\shared\Microsoft.NETCore.App\2.2.8\System.ServiceProcess.dll</ModulePath>
      <ModuleTime>2019-10-09T03:45:10Z</ModuleTime>
      <ModuleName>System.ServiceProcess</ModuleName>
      <Classes />
    </Module>
    <Module skippedDueTo="Filter" hash="4A-34-98-2D-ED-D6-B9-26-E6-66-D2-53-9F-CB-54-6B-F7-88-E2-A5">
      <ModulePath>C:\Program Files\dotnet\shared\Microsoft.NETCore.App\2.2.8\System.Threading.Tasks.Dataflow.dll</ModulePath>
      <ModuleTime>2019-10-09T03:45:10Z</ModuleTime>
      <ModuleName>System.Threading.Tasks.Dataflow</ModuleName>
      <Classes />
    </Module>
    <Module skippedDueTo="Filter" hash="08-28-D4-55-6E-86-C5-DF-1E-B6-E6-FC-ED-22-04-BD-BD-9C-56-49">
      <ModulePath>C:\Program Files\dotnet\shared\Microsoft.NETCore.App\2.2.8\System.Threading.Tasks.Extensions.dll</ModulePath>
      <ModuleTime>2019-10-09T03:45:10Z</ModuleTime>
      <ModuleName>System.Threading.Tasks.Extensions</ModuleName>
      <Classes />
    </Module>
    <Module skippedDueTo="Filter" hash="C2-3C-1C-67-5F-2F-39-1A-1B-44-46-3A-8A-46-E8-7C-DC-B2-17-68">
      <ModulePath>C:\Program Files\dotnet\shared\Microsoft.NETCore.App\2.2.8\System.Threading.Tasks.Parallel.dll</ModulePath>
      <ModuleTime>2019-10-09T03:45:10Z</ModuleTime>
      <ModuleName>System.Threading.Tasks.Parallel</ModuleName>
      <Classes />
    </Module>
    <Module skippedDueTo="Filter" hash="40-8E-2D-4D-01-D0-FF-CE-23-5F-99-50-2C-0E-4F-2C-F5-1D-D5-BD">
      <ModulePath>C:\Program Files\dotnet\shared\Microsoft.NETCore.App\2.2.8\System.Transactions.dll</ModulePath>
      <ModuleTime>2019-10-09T03:45:10Z</ModuleTime>
      <ModuleName>System.Transactions</ModuleName>
      <Classes />
    </Module>
    <Module skippedDueTo="Filter" hash="EB-77-53-6D-D7-08-35-6C-01-6A-C5-B5-39-49-E3-C1-C7-EA-DD-02">
      <ModulePath>C:\Program Files\dotnet\shared\Microsoft.NETCore.App\2.2.8\System.ValueTuple.dll</ModulePath>
      <ModuleTime>2019-10-09T03:45:10Z</ModuleTime>
      <ModuleName>System.ValueTuple</ModuleName>
      <Classes />
    </Module>
    <Module skippedDueTo="Filter" hash="A7-8D-17-8E-3B-74-51-67-10-67-78-2E-51-95-05-CB-60-77-8A-7E">
      <ModulePath>C:\Program Files\dotnet\shared\Microsoft.NETCore.App\2.2.8\System.Web.HttpUtility.dll</ModulePath>
      <ModuleTime>2019-10-09T03:45:10Z</ModuleTime>
      <ModuleName>System.Web.HttpUtility</ModuleName>
      <Classes />
    </Module>
    <Module skippedDueTo="Filter" hash="66-08-DE-F7-15-E2-53-5A-1E-FD-EC-0C-29-8F-93-A9-18-B1-D0-11">
      <ModulePath>C:\Program Files\dotnet\shared\Microsoft.NETCore.App\2.2.8\System.Web.dll</ModulePath>
      <ModuleTime>2019-10-09T03:45:10Z</ModuleTime>
      <ModuleName>System.Web</ModuleName>
      <Classes />
    </Module>
    <Module skippedDueTo="Filter" hash="3E-58-A5-76-6D-1F-F7-AE-E8-45-8D-1E-ED-2B-A2-05-46-BC-09-68">
      <ModulePath>C:\Program Files\dotnet\shared\Microsoft.NETCore.App\2.2.8\System.Windows.dll</ModulePath>
      <ModuleTime>2019-10-09T03:45:10Z</ModuleTime>
      <ModuleName>System.Windows</ModuleName>
      <Classes />
    </Module>
    <Module skippedDueTo="Filter" hash="17-84-A7-DF-FE-3A-C9-EF-9F-5B-0F-4A-17-F8-BF-00-97-FE-0E-5C">
      <ModulePath>C:\Program Files\dotnet\shared\Microsoft.NETCore.App\2.2.8\System.Xml.Linq.dll</ModulePath>
      <ModuleTime>2019-10-09T03:45:10Z</ModuleTime>
      <ModuleName>System.Xml.Linq</ModuleName>
      <Classes />
    </Module>
    <Module skippedDueTo="Filter" hash="8A-CB-42-7F-C5-7E-70-86-86-D2-F8-9B-48-19-02-5A-45-1F-48-F0">
      <ModulePath>C:\Program Files\dotnet\shared\Microsoft.NETCore.App\2.2.8\System.Xml.Serialization.dll</ModulePath>
      <ModuleTime>2019-10-09T03:45:10Z</ModuleTime>
      <ModuleName>System.Xml.Serialization</ModuleName>
      <Classes />
    </Module>
    <Module skippedDueTo="Filter" hash="8B-11-F4-1E-B5-BF-4A-2E-CC-F7-03-EE-29-51-79-F2-9E-DA-6C-81">
      <ModulePath>C:\Program Files\dotnet\shared\Microsoft.NETCore.App\2.2.8\System.Xml.XPath.XDocument.dll</ModulePath>
      <ModuleTime>2019-10-09T03:45:10Z</ModuleTime>
      <ModuleName>System.Xml.XPath.XDocument</ModuleName>
      <Classes />
    </Module>
    <Module skippedDueTo="Filter" hash="78-F4-13-74-AE-30-67-C0-21-94-7E-FC-7A-7D-F5-BE-53-98-10-0D">
      <ModulePath>C:\Program Files\dotnet\shared\Microsoft.NETCore.App\2.2.8\System.Xml.XmlSerializer.dll</ModulePath>
      <ModuleTime>2019-10-09T03:45:10Z</ModuleTime>
      <ModuleName>System.Xml.XmlSerializer</ModuleName>
      <Classes />
    </Module>
    <Module skippedDueTo="Filter" hash="52-12-5B-FC-4D-8C-9C-B1-E4-20-C1-30-D4-B0-29-EE-AC-ED-1E-53">
      <ModulePath>C:\Program Files\dotnet\shared\Microsoft.NETCore.App\2.2.8\System.Xml.dll</ModulePath>
      <ModuleTime>2019-10-09T03:45:10Z</ModuleTime>
      <ModuleName>System.Xml</ModuleName>
      <Classes />
    </Module>
    <Module skippedDueTo="Filter" hash="0A-A4-C6-E5-E5-EA-60-74-2C-54-40-92-4D-A3-6F-85-34-95-12-38">
      <ModulePath>C:\Program Files\dotnet\shared\Microsoft.NETCore.App\2.2.8\System.dll</ModulePath>
      <ModuleTime>2019-10-09T03:45:10Z</ModuleTime>
      <ModuleName>System</ModuleName>
      <Classes />
    </Module>
    <Module skippedDueTo="Filter" hash="B4-C8-2F-CE-82-E4-FD-DC-F1-38-BF-85-44-E5-C6-5E-88-66-CC-AD">
      <ModulePath>C:\Program Files\dotnet\shared\Microsoft.NETCore.App\2.2.8\WindowsBase.dll</ModulePath>
      <ModuleTime>2019-10-09T03:45:10Z</ModuleTime>
      <ModuleName>WindowsBase</ModuleName>
      <Classes />
    </Module>
    <Module skippedDueTo="Filter" hash="0B-62-40-90-58-76-E8-86-0D-1A-DC-F5-78-DB-B7-94-BC-00-10-0C">
      <ModulePath>D:\GitHub\Alamut.Data\test\Alamut.Data.Test\bin\Debug\netcoreapp2.2\xunit.runner.reporters.netcoreapp10.dll</ModulePath>
      <ModuleTime>2018-07-16T23:48:26Z</ModuleTime>
      <ModuleName>xunit.runner.reporters.netcoreapp10</ModuleName>
      <Classes />
    </Module>
    <Module skippedDueTo="Filter" hash="16-7C-D1-8D-0E-08-82-D2-50-9C-9A-FF-7A-6F-C1-DB-D3-21-8A-72">
      <ModulePath>D:\GitHub\Alamut.Data\test\Alamut.Data.Test\bin\Debug\netcoreapp2.2\xunit.runner.visualstudio.dotnetcore.testadapter.dll</ModulePath>
      <ModuleTime>2018-07-16T23:48:28Z</ModuleTime>
      <ModuleName>xunit.runner.visualstudio.dotnetcore.testadapter</ModuleName>
      <Classes />
    </Module>
    <Module skippedDueTo="Filter" hash="98-36-C9-92-AD-CE-41-6B-D0-FE-DB-2F-8E-6E-5C-45-0D-CA-97-F5">
      <ModulePath>C:\Program Files\dotnet\shared\Microsoft.NETCore.App\2.2.8\System.Private.CoreLib.dll</ModulePath>
      <ModuleTime>2019-10-09T03:45:10Z</ModuleTime>
      <ModuleName>System.Private.CoreLib</ModuleName>
      <Classes />
    </Module>
    <Module skippedDueTo="Filter" hash="F9-54-11-7A-01-7C-B4-6E-04-45-1E-69-5E-B1-81-2A-5A-A0-BB-C5">
      <ModulePath>C:\Users\Soren\.nuget\packages\microsoft.testplatform.testhost\16.0.1\lib\netstandard1.5\testhost.dll</ModulePath>
      <ModuleTime>2019-03-04T04:44:18Z</ModuleTime>
      <ModuleName>testhost</ModuleName>
      <Classes />
    </Module>
    <Module skippedDueTo="Filter" hash="61-9E-5C-06-EA-FB-50-38-AC-C2-DB-14-D4-8D-D3-14-CB-BF-5A-66">
      <ModulePath>C:\Program Files\dotnet\shared\Microsoft.NETCore.App\2.2.8\System.Runtime.dll</ModulePath>
      <ModuleTime>2019-10-09T03:45:10Z</ModuleTime>
      <ModuleName>System.Runtime</ModuleName>
      <Classes />
    </Module>
    <Module skippedDueTo="Filter" hash="72-B8-69-C7-DF-84-A7-5D-D8-BD-7C-52-6C-AA-43-70-EE-86-15-EC">
      <ModulePath>C:\Users\Soren\.nuget\packages\microsoft.testplatform.objectmodel\16.0.1\lib\netstandard1.5\Microsoft.TestPlatform.CoreUtilities.dll</ModulePath>
      <ModuleTime>2019-03-04T04:44:18Z</ModuleTime>
      <ModuleName>Microsoft.TestPlatform.CoreUtilities</ModuleName>
      <Classes />
    </Module>
    <Module skippedDueTo="Filter" hash="9B-28-B1-50-8F-3C-CC-E2-AB-80-84-ED-2A-81-54-B9-2D-8B-6B-DA">
      <ModulePath>C:\Program Files\dotnet\shared\Microsoft.NETCore.App\2.2.8\System.Diagnostics.Tracing.dll</ModulePath>
      <ModuleTime>2019-10-09T03:45:08Z</ModuleTime>
      <ModuleName>System.Diagnostics.Tracing</ModuleName>
      <Classes />
    </Module>
    <Module skippedDueTo="Filter" hash="FD-5D-15-3F-2B-5F-9A-8C-16-B4-E0-41-C5-C3-DE-C2-4D-FA-26-EE">
      <ModulePath>C:\Users\Soren\.nuget\packages\microsoft.testplatform.objectmodel\16.0.1\lib\netstandard1.5\Microsoft.TestPlatform.PlatformAbstractions.dll</ModulePath>
      <ModuleTime>2019-03-04T04:44:18Z</ModuleTime>
      <ModuleName>Microsoft.TestPlatform.PlatformAbstractions</ModuleName>
      <Classes />
    </Module>
    <Module skippedDueTo="Filter" hash="57-02-1E-15-7D-26-6E-8F-51-B6-01-12-27-54-0A-D1-4E-43-A3-14">
      <ModulePath>C:\Program Files\dotnet\shared\Microsoft.NETCore.App\2.2.8\System.Runtime.Extensions.dll</ModulePath>
      <ModuleTime>2019-10-09T03:45:10Z</ModuleTime>
      <ModuleName>System.Runtime.Extensions</ModuleName>
      <Classes />
    </Module>
    <Module skippedDueTo="Filter" hash="81-9E-E8-BF-B1-4C-9D-DB-92-3E-7B-AC-39-27-51-E0-54-1C-3A-38">
      <ModulePath>C:\Program Files\dotnet\shared\Microsoft.NETCore.App\2.2.8\System.Diagnostics.Debug.dll</ModulePath>
      <ModuleTime>2019-10-09T03:45:08Z</ModuleTime>
      <ModuleName>System.Diagnostics.Debug</ModuleName>
      <Classes />
    </Module>
    <Module skippedDueTo="Filter" hash="32-35-25-52-1F-B6-5E-FD-E9-4A-9A-2E-6E-7C-FF-EC-6A-44-B9-99">
      <ModulePath>C:\Program Files\dotnet\shared\Microsoft.NETCore.App\2.2.8\System.Threading.Tasks.dll</ModulePath>
      <ModuleTime>2019-10-09T03:45:10Z</ModuleTime>
      <ModuleName>System.Threading.Tasks</ModuleName>
      <Classes />
    </Module>
    <Module skippedDueTo="Filter" hash="D4-5C-8D-72-F0-E9-8C-B1-FC-69-69-17-8E-8F-E3-FF-CF-B0-C0-E1">
      <ModulePath>C:\Program Files\dotnet\shared\Microsoft.NETCore.App\2.2.8\System.Globalization.dll</ModulePath>
      <ModuleTime>2019-10-09T03:45:08Z</ModuleTime>
      <ModuleName>System.Globalization</ModuleName>
      <Classes />
    </Module>
    <Module skippedDueTo="Filter" hash="2D-4A-E2-EE-F5-83-C0-84-2D-42-7F-51-64-49-96-C1-17-49-9D-FB">
      <ModulePath>C:\Program Files\dotnet\shared\Microsoft.NETCore.App\2.2.8\System.Collections.dll</ModulePath>
      <ModuleTime>2019-10-09T03:45:08Z</ModuleTime>
      <ModuleName>System.Collections</ModuleName>
      <Classes />
    </Module>
    <Module skippedDueTo="Filter" hash="1F-FF-9D-57-0C-4E-68-4C-F0-76-1F-D9-61-77-5F-15-C0-94-F5-5E">
      <ModulePath>C:\Users\Soren\.nuget\packages\microsoft.testplatform.testhost\16.0.1\lib\netstandard1.5\Microsoft.TestPlatform.CrossPlatEngine.dll</ModulePath>
      <ModuleTime>2019-03-04T04:44:18Z</ModuleTime>
      <ModuleName>Microsoft.TestPlatform.CrossPlatEngine</ModuleName>
      <Classes />
    </Module>
    <Module skippedDueTo="Filter" hash="E0-5D-92-D9-CA-08-4D-C0-D4-25-CD-13-81-4A-FE-63-A5-B9-CC-81">
      <ModulePath>C:\Users\Soren\.nuget\packages\microsoft.testplatform.testhost\16.0.1\lib\netstandard1.5\Microsoft.TestPlatform.CommunicationUtilities.dll</ModulePath>
      <ModuleTime>2019-03-04T04:44:18Z</ModuleTime>
      <ModuleName>Microsoft.TestPlatform.CommunicationUtilities</ModuleName>
      <Classes />
    </Module>
    <Module skippedDueTo="Filter" hash="87-51-E7-81-89-D1-B9-83-14-4E-0D-F7-B4-24-CF-84-7C-AD-44-05">
      <ModulePath>C:\Users\Soren\.nuget\packages\microsoft.testplatform.objectmodel\16.0.1\lib\netstandard1.5\Microsoft.VisualStudio.TestPlatform.ObjectModel.dll</ModulePath>
      <ModuleTime>2019-03-04T04:44:18Z</ModuleTime>
      <ModuleName>Microsoft.VisualStudio.TestPlatform.ObjectModel</ModuleName>
      <Classes />
    </Module>
    <Module skippedDueTo="Filter" hash="50-43-83-0B-99-C8-26-E0-FC-D3-8D-AE-C2-BE-D9-01-BB-2F-DC-4A">
      <ModulePath>C:\Users\Soren\.nuget\packages\microsoft.testplatform.testhost\16.0.1\lib\netstandard1.5\Microsoft.VisualStudio.TestPlatform.Common.dll</ModulePath>
      <ModuleTime>2019-03-04T04:44:18Z</ModuleTime>
      <ModuleName>Microsoft.VisualStudio.TestPlatform.Common</ModuleName>
[...]
      <ModuleTime>2019-10-09T03:45:10Z</ModuleTime>
      <ModuleName>System.Net.WebSockets</ModuleName>
      <Classes />
    </Module>
    <Module skippedDueTo="Filter" hash="66-08-A3-FF-F1-7A-B6-27-D9-79-7A-53-5F-F7-FC-E3-E6-2A-02-FB">
      <ModulePath>C:\Program Files\dotnet\shared\Microsoft.NETCore.App\2.2.8\System.Net.Mail.dll</ModulePath>
      <ModuleTime>2019-10-09T03:45:10Z</ModuleTime>
      <ModuleName>System.Net.Mail</ModuleName>
      <Classes />
    </Module>
    <Module skippedDueTo="Filter" hash="0C-8E-77-5B-23-60-81-3D-3A-23-11-9B-E7-EB-4B-F6-B2-40-B3-39">
      <ModulePath>C:\Program Files\dotnet\shared\Microsoft.NETCore.App\2.2.8\System.Net.NetworkInformation.dll</ModulePath>
      <ModuleTime>2019-10-09T03:45:10Z</ModuleTime>
      <ModuleName>System.Net.NetworkInformation</ModuleName>
      <Classes />
    </Module>
    <Module skippedDueTo="Filter" hash="98-7A-D4-CF-80-DD-B2-D7-E8-79-8C-88-4A-33-56-41-14-89-D3-9F">
      <ModulePath>C:\Program Files\dotnet\shared\Microsoft.NETCore.App\2.2.8\System.Net.Ping.dll</ModulePath>
      <ModuleTime>2019-10-09T03:45:10Z</ModuleTime>
      <ModuleName>System.Net.Ping</ModuleName>
      <Classes />
    </Module>
    <Module skippedDueTo="Filter" hash="22-CA-EC-FE-70-E2-A7-A9-A0-74-32-0D-9D-3A-F1-C4-71-0D-53-BA">
      <ModulePath>C:\Program Files\dotnet\shared\Microsoft.NETCore.App\2.2.8\System.Net.Requests.dll</ModulePath>
      <ModuleTime>2019-10-09T03:45:10Z</ModuleTime>
      <ModuleName>System.Net.Requests</ModuleName>
      <Classes />
    </Module>
    <Module skippedDueTo="Filter" hash="FA-1F-87-84-6A-71-BA-AA-6C-E8-9C-33-80-8B-D9-49-6B-F1-AC-99">
      <ModulePath>C:\Program Files\dotnet\shared\Microsoft.NETCore.App\2.2.8\System.Security.Cryptography.X509Certificates.dll</ModulePath>
      <ModuleTime>2019-10-09T03:45:10Z</ModuleTime>
      <ModuleName>System.Security.Cryptography.X509Certificates</ModuleName>
      <Classes />
    </Module>
    <Module skippedDueTo="Filter" hash="E5-A2-43-5A-16-45-9B-0E-79-D1-82-EF-DC-14-CF-D2-BC-FE-66-EE">
      <ModulePath>C:\Program Files\dotnet\shared\Microsoft.NETCore.App\2.2.8\System.Net.ServicePoint.dll</ModulePath>
      <ModuleTime>2019-10-09T03:45:10Z</ModuleTime>
      <ModuleName>System.Net.ServicePoint</ModuleName>
      <Classes />
    </Module>
    <Module skippedDueTo="Filter" hash="D8-8A-D3-24-70-ED-CE-D9-4C-49-D7-20-C6-68-F3-43-E0-EB-46-EF">
      <ModulePath>C:\Program Files\dotnet\shared\Microsoft.NETCore.App\2.2.8\System.Net.WebClient.dll</ModulePath>
      <ModuleTime>2019-10-09T03:45:10Z</ModuleTime>
      <ModuleName>System.Net.WebClient</ModuleName>
      <Classes />
    </Module>
    <Module skippedDueTo="Filter" hash="A9-49-66-A3-D5-FE-04-E2-B8-E8-F8-79-70-47-02-31-64-1C-F0-1E">
      <ModulePath>C:\Program Files\dotnet\shared\Microsoft.NETCore.App\2.2.8\System.Net.WebHeaderCollection.dll</ModulePath>
      <ModuleTime>2019-10-09T03:45:10Z</ModuleTime>
      <ModuleName>System.Net.WebHeaderCollection</ModuleName>
      <Classes />
    </Module>
    <Module skippedDueTo="Filter" hash="A5-B2-7F-6E-CC-3E-01-05-30-A5-4D-5C-BC-41-C2-95-D4-A2-1C-BB">
      <ModulePath>C:\Program Files\dotnet\shared\Microsoft.NETCore.App\2.2.8\System.Net.WebProxy.dll</ModulePath>
      <ModuleTime>2019-10-09T03:45:10Z</ModuleTime>
      <ModuleName>System.Net.WebProxy</ModuleName>
      <Classes />
    </Module>
    <Module skippedDueTo="Filter" hash="3F-60-42-C2-81-AF-4D-6B-BD-C0-2E-52-19-C2-D7-A1-B5-C7-8F-8C">
      <ModulePath>C:\Program Files\dotnet\shared\Microsoft.NETCore.App\2.2.8\System.Net.WebSockets.Client.dll</ModulePath>
      <ModuleTime>2019-10-09T03:45:10Z</ModuleTime>
      <ModuleName>System.Net.WebSockets.Client</ModuleName>
      <Classes />
    </Module>
    <Module skippedDueTo="Filter" hash="1D-7E-6B-40-EA-75-41-54-3B-54-D6-BC-56-4D-50-83-C8-B3-42-C7">
      <ModulePath>C:\Program Files\dotnet\shared\Microsoft.NETCore.App\2.2.8\System.Net.dll</ModulePath>
      <ModuleTime>2019-10-09T03:45:10Z</ModuleTime>
      <ModuleName>System.Net</ModuleName>
      <Classes />
    </Module>
    <Module skippedDueTo="Filter" hash="17-DE-51-70-50-9A-0F-2B-C5-71-E4-36-5C-7A-92-A3-A4-65-0C-87">
      <ModulePath>C:\Program Files\dotnet\shared\Microsoft.NETCore.App\2.2.8\System.Numerics.Vectors.dll</ModulePath>
      <ModuleTime>2019-10-09T03:45:10Z</ModuleTime>
      <ModuleName>System.Numerics.Vectors</ModuleName>
      <Classes />
    </Module>
    <Module skippedDueTo="Filter" hash="91-AD-29-34-E2-8B-B8-BF-90-26-BA-8C-B5-1E-C0-65-2B-A1-5F-83">
      <ModulePath>C:\Program Files\dotnet\shared\Microsoft.NETCore.App\2.2.8\System.Numerics.dll</ModulePath>
      <ModuleTime>2019-10-09T03:45:10Z</ModuleTime>
      <ModuleName>System.Numerics</ModuleName>
      <Classes />
    </Module>
    <Module skippedDueTo="Filter" hash="5F-1F-4A-CA-D9-50-E7-83-1A-1A-F6-56-00-4C-C6-20-01-20-68-6D">
      <ModulePath>C:\Program Files\dotnet\shared\Microsoft.NETCore.App\2.2.8\System.Private.DataContractSerialization.dll</ModulePath>
      <ModuleTime>2019-10-09T03:45:10Z</ModuleTime>
      <ModuleName>System.Private.DataContractSerialization</ModuleName>
      <Classes />
    </Module>
    <Module skippedDueTo="Filter" hash="D5-B0-C7-6C-E9-F1-F7-59-78-81-6A-EB-0A-AA-76-AC-85-BE-5B-10">
      <ModulePath>C:\Program Files\dotnet\shared\Microsoft.NETCore.App\2.2.8\System.Reflection.Emit.ILGeneration.dll</ModulePath>
      <ModuleTime>2019-10-09T03:45:10Z</ModuleTime>
      <ModuleName>System.Reflection.Emit.ILGeneration</ModuleName>
      <Classes />
    </Module>
    <Module skippedDueTo="Filter" hash="37-90-0D-F4-85-E4-A0-F0-C3-77-42-86-39-51-A5-87-1C-1F-B9-BC">
      <ModulePath>C:\Program Files\dotnet\shared\Microsoft.NETCore.App\2.2.8\System.Reflection.DispatchProxy.dll</ModulePath>
      <ModuleTime>2019-10-09T03:45:10Z</ModuleTime>
      <ModuleName>System.Reflection.DispatchProxy</ModuleName>
      <Classes />
    </Module>
    <Module skippedDueTo="Filter" hash="42-1B-A8-FD-52-7B-4D-A6-9D-A1-BC-26-F1-A7-C2-A1-96-0E-B1-E4">
      <ModulePath>C:\Program Files\dotnet\shared\Microsoft.NETCore.App\2.2.8\System.Reflection.Emit.Lightweight.dll</ModulePath>
      <ModuleTime>2019-10-09T03:45:10Z</ModuleTime>
      <ModuleName>System.Reflection.Emit.Lightweight</ModuleName>
      <Classes />
    </Module>
    <Module skippedDueTo="Filter" hash="A5-9A-BD-B8-CF-BC-C1-7D-F7-FD-64-57-DA-9D-81-CD-61-1E-0F-C5">
      <ModulePath>C:\Program Files\dotnet\shared\Microsoft.NETCore.App\2.2.8\System.Reflection.Emit.dll</ModulePath>
      <ModuleTime>2019-10-09T03:45:10Z</ModuleTime>
      <ModuleName>System.Reflection.Emit</ModuleName>
      <Classes />
    </Module>
    <Module skippedDueTo="Filter" hash="C8-52-B3-D9-6A-58-4E-36-BB-32-4A-9B-91-83-88-E9-B2-72-BB-53">
      <ModulePath>C:\Program Files\dotnet\shared\Microsoft.NETCore.App\2.2.8\System.Reflection.Primitives.dll</ModulePath>
      <ModuleTime>2019-10-09T03:45:10Z</ModuleTime>
      <ModuleName>System.Reflection.Primitives</ModuleName>
      <Classes />
    </Module>
    <Module skippedDueTo="Filter" hash="CF-56-58-19-72-46-7F-63-55-4B-2F-01-85-58-88-A5-94-76-39-01">
      <ModulePath>C:\Program Files\dotnet\shared\Microsoft.NETCore.App\2.2.8\System.Resources.Reader.dll</ModulePath>
      <ModuleTime>2019-10-09T03:45:10Z</ModuleTime>
      <ModuleName>System.Resources.Reader</ModuleName>
      <Classes />
    </Module>
    <Module skippedDueTo="Filter" hash="70-44-81-3E-97-20-E2-0A-D8-72-9D-16-FB-6A-72-99-08-26-2A-79">
      <ModulePath>C:\Program Files\dotnet\shared\Microsoft.NETCore.App\2.2.8\System.Resources.Writer.dll</ModulePath>
      <ModuleTime>2019-10-09T03:45:10Z</ModuleTime>
      <ModuleName>System.Resources.Writer</ModuleName>
      <Classes />
    </Module>
    <Module skippedDueTo="Filter" hash="D5-86-1E-1E-D0-14-F4-D6-D3-9A-1A-F1-24-72-24-1E-47-E0-8E-E7">
      <ModulePath>C:\Program Files\dotnet\shared\Microsoft.NETCore.App\2.2.8\System.Runtime.CompilerServices.VisualC.dll</ModulePath>
      <ModuleTime>2019-10-09T03:45:10Z</ModuleTime>
      <ModuleName>System.Runtime.CompilerServices.VisualC</ModuleName>
      <Classes />
    </Module>
    <Module skippedDueTo="Filter" hash="37-14-1C-32-09-5B-50-A6-1C-FF-27-AB-E8-AA-A2-96-6F-0E-89-EF">
      <ModulePath>C:\Program Files\dotnet\shared\Microsoft.NETCore.App\2.2.8\System.Runtime.Handles.dll</ModulePath>
      <ModuleTime>2019-10-09T03:45:10Z</ModuleTime>
      <ModuleName>System.Runtime.Handles</ModuleName>
      <Classes />
    </Module>
    <Module skippedDueTo="Filter" hash="8C-8E-55-4B-EC-87-24-85-85-DB-E9-14-BE-64-78-6F-C5-7E-52-F5">
      <ModulePath>C:\Program Files\dotnet\shared\Microsoft.NETCore.App\2.2.8\System.Runtime.InteropServices.WindowsRuntime.dll</ModulePath>
      <ModuleTime>2019-10-09T03:45:10Z</ModuleTime>
      <ModuleName>System.Runtime.InteropServices.WindowsRuntime</ModuleName>
      <Classes />
    </Module>
    <Module skippedDueTo="Filter" hash="CF-84-A9-F9-82-07-5E-5F-D2-B4-89-F1-3A-80-50-6C-5B-68-BC-D4">
      <ModulePath>C:\Program Files\dotnet\shared\Microsoft.NETCore.App\2.2.8\System.Runtime.Serialization.Formatters.dll</ModulePath>
      <ModuleTime>2019-10-09T03:45:10Z</ModuleTime>
      <ModuleName>System.Runtime.Serialization.Formatters</ModuleName>
      <Classes />
    </Module>
    <Module skippedDueTo="Filter" hash="D3-B4-F1-B6-D6-A9-4B-3C-D8-C0-7E-BB-95-5D-24-23-11-CC-96-02">
      <ModulePath>C:\Program Files\dotnet\shared\Microsoft.NETCore.App\2.2.8\System.Runtime.Serialization.Json.dll</ModulePath>
      <ModuleTime>2019-10-09T03:45:10Z</ModuleTime>
      <ModuleName>System.Runtime.Serialization.Json</ModuleName>
      <Classes />
    </Module>
    <Module skippedDueTo="Filter" hash="F2-5E-9F-9D-33-20-57-AC-E6-D2-B3-8D-60-D2-84-28-AC-F4-6F-99">
      <ModulePath>C:\Program Files\dotnet\shared\Microsoft.NETCore.App\2.2.8\System.Runtime.Serialization.Xml.dll</ModulePath>
      <ModuleTime>2019-10-09T03:45:10Z</ModuleTime>
      <ModuleName>System.Runtime.Serialization.Xml</ModuleName>
      <Classes />
    </Module>
    <Module skippedDueTo="Filter" hash="FC-AB-4D-2E-0E-C6-91-A3-90-32-A2-E2-F5-1D-E7-BD-17-73-99-5E">
      <ModulePath>C:\Program Files\dotnet\shared\Microsoft.NETCore.App\2.2.8\System.Runtime.Serialization.dll</ModulePath>
      <ModuleTime>2019-10-09T03:45:10Z</ModuleTime>
      <ModuleName>System.Runtime.Serialization</ModuleName>
      <Classes />
    </Module>
    <Module skippedDueTo="Filter" hash="15-37-BC-15-22-34-15-AA-FC-63-95-B4-DF-C1-55-26-C1-3A-D5-99">
      <ModulePath>C:\Program Files\dotnet\shared\Microsoft.NETCore.App\2.2.8\System.Security.Cryptography.Encoding.dll</ModulePath>
      <ModuleTime>2019-10-09T03:45:10Z</ModuleTime>
      <ModuleName>System.Security.Cryptography.Encoding</ModuleName>
      <Classes />
    </Module>
    <Module skippedDueTo="Filter" hash="49-63-76-FD-F4-85-AA-DB-01-A4-A9-26-AB-EA-7F-67-09-08-EE-E3">
      <ModulePath>C:\Program Files\dotnet\shared\Microsoft.NETCore.App\2.2.8\System.Security.Cryptography.Primitives.dll</ModulePath>
      <ModuleTime>2019-10-09T03:45:10Z</ModuleTime>
      <ModuleName>System.Security.Cryptography.Primitives</ModuleName>
      <Classes />
    </Module>
    <Module skippedDueTo="Filter" hash="B1-B1-6F-D6-A1-FF-70-6F-ED-DC-63-C0-3F-00-1C-45-8B-7F-D1-5F">
      <ModulePath>C:\Program Files\dotnet\shared\Microsoft.NETCore.App\2.2.8\System.Security.Cryptography.Cng.dll</ModulePath>
      <ModuleTime>2019-10-09T03:45:10Z</ModuleTime>
      <ModuleName>System.Security.Cryptography.Cng</ModuleName>
      <Classes />
    </Module>
    <Module skippedDueTo="Filter" hash="D6-11-E4-2F-62-B8-B6-53-0B-C7-41-CF-3B-96-80-E6-08-AE-97-D4">
      <ModulePath>C:\Program Files\dotnet\shared\Microsoft.NETCore.App\2.2.8\System.Security.Cryptography.Csp.dll</ModulePath>
      <ModuleTime>2019-10-09T03:45:10Z</ModuleTime>
      <ModuleName>System.Security.Cryptography.Csp</ModuleName>
      <Classes />
    </Module>
    <Module skippedDueTo="Filter" hash="AF-06-F3-56-EC-BB-F3-B6-3B-26-E8-1F-7C-EE-67-48-DA-74-D5-42">
      <ModulePath>C:\Program Files\dotnet\shared\Microsoft.NETCore.App\2.2.8\System.Security.Cryptography.OpenSsl.dll</ModulePath>
      <ModuleTime>2019-10-09T03:45:10Z</ModuleTime>
      <ModuleName>System.Security.Cryptography.OpenSsl</ModuleName>
      <Classes />
    </Module>
    <Module skippedDueTo="Filter" hash="E8-08-FE-E1-E2-5F-9A-E9-2E-D5-7F-A9-FD-37-3A-18-63-C3-6C-89">
      <ModulePath>C:\Program Files\dotnet\shared\Microsoft.NETCore.App\2.2.8\System.Security.SecureString.dll</ModulePath>
      <ModuleTime>2019-10-09T03:45:10Z</ModuleTime>
      <ModuleName>System.Security.SecureString</ModuleName>
      <Classes />
    </Module>
    <Module skippedDueTo="Filter" hash="86-E0-78-A5-0C-82-EA-09-8E-F2-C0-59-81-13-95-29-91-39-BC-48">
      <ModulePath>C:\Program Files\dotnet\shared\Microsoft.NETCore.App\2.2.8\System.Security.dll</ModulePath>
      <ModuleTime>2019-10-09T03:45:10Z</ModuleTime>
      <ModuleName>System.Security</ModuleName>
      <Classes />
    </Module>
    <Module skippedDueTo="Filter" hash="9E-6C-F5-1B-92-5C-36-46-B5-DE-AD-9D-93-59-A9-18-98-DB-A5-5D">
      <ModulePath>C:\Program Files\dotnet\shared\Microsoft.NETCore.App\2.2.8\System.ServiceModel.Web.dll</ModulePath>
      <ModuleTime>2019-10-09T03:45:10Z</ModuleTime>
      <ModuleName>System.ServiceModel.Web</ModuleName>
      <Classes />
    </Module>
    <Module skippedDueTo="Filter" hash="29-BC-1A-60-F2-47-4C-54-03-6D-80-A3-C3-AF-1C-12-D0-77-D4-97">
      <ModulePath>C:\Program Files\dotnet\shared\Microsoft.NETCore.App\2.2.8\System.ServiceProcess.dll</ModulePath>
      <ModuleTime>2019-10-09T03:45:10Z</ModuleTime>
      <ModuleName>System.ServiceProcess</ModuleName>
      <Classes />
    </Module>
    <Module skippedDueTo="Filter" hash="4A-34-98-2D-ED-D6-B9-26-E6-66-D2-53-9F-CB-54-6B-F7-88-E2-A5">
      <ModulePath>C:\Program Files\dotnet\shared\Microsoft.NETCore.App\2.2.8\System.Threading.Tasks.Dataflow.dll</ModulePath>
      <ModuleTime>2019-10-09T03:45:10Z</ModuleTime>
      <ModuleName>System.Threading.Tasks.Dataflow</ModuleName>
      <Classes />
    </Module>
    <Module skippedDueTo="Filter" hash="08-28-D4-55-6E-86-C5-DF-1E-B6-E6-FC-ED-22-04-BD-BD-9C-56-49">
      <ModulePath>C:\Program Files\dotnet\shared\Microsoft.NETCore.App\2.2.8\System.Threading.Tasks.Extensions.dll</ModulePath>
      <ModuleTime>2019-10-09T03:45:10Z</ModuleTime>
      <ModuleName>System.Threading.Tasks.Extensions</ModuleName>
      <Classes />
    </Module>
    <Module skippedDueTo="Filter" hash="C2-3C-1C-67-5F-2F-39-1A-1B-44-46-3A-8A-46-E8-7C-DC-B2-17-68">
      <ModulePath>C:\Program Files\dotnet\shared\Microsoft.NETCore.App\2.2.8\System.Threading.Tasks.Parallel.dll</ModulePath>
      <ModuleTime>2019-10-09T03:45:10Z</ModuleTime>
      <ModuleName>System.Threading.Tasks.Parallel</ModuleName>
      <Classes />
    </Module>
    <Module skippedDueTo="Filter" hash="40-8E-2D-4D-01-D0-FF-CE-23-5F-99-50-2C-0E-4F-2C-F5-1D-D5-BD">
      <ModulePath>C:\Program Files\dotnet\shared\Microsoft.NETCore.App\2.2.8\System.Transactions.dll</ModulePath>
      <ModuleTime>2019-10-09T03:45:10Z</ModuleTime>
      <ModuleName>System.Transactions</ModuleName>
      <Classes />
    </Module>
    <Module skippedDueTo="Filter" hash="EB-77-53-6D-D7-08-35-6C-01-6A-C5-B5-39-49-E3-C1-C7-EA-DD-02">
      <ModulePath>C:\Program Files\dotnet\shared\Microsoft.NETCore.App\2.2.8\System.ValueTuple.dll</ModulePath>
      <ModuleTime>2019-10-09T03:45:10Z</ModuleTime>
      <ModuleName>System.ValueTuple</ModuleName>
      <Classes />
    </Module>
    <Module skippedDueTo="Filter" hash="A7-8D-17-8E-3B-74-51-67-10-67-78-2E-51-95-05-CB-60-77-8A-7E">
      <ModulePath>C:\Program Files\dotnet\shared\Microsoft.NETCore.App\2.2.8\System.Web.HttpUtility.dll</ModulePath>
      <ModuleTime>2019-10-09T03:45:10Z</ModuleTime>
      <ModuleName>System.Web.HttpUtility</ModuleName>
      <Classes />
    </Module>
    <Module skippedDueTo="Filter" hash="66-08-DE-F7-15-E2-53-5A-1E-FD-EC-0C-29-8F-93-A9-18-B1-D0-11">
      <ModulePath>C:\Program Files\dotnet\shared\Microsoft.NETCore.App\2.2.8\System.Web.dll</ModulePath>
      <ModuleTime>2019-10-09T03:45:10Z</ModuleTime>
      <ModuleName>System.Web</ModuleName>
      <Classes />
    </Module>
    <Module skippedDueTo="Filter" hash="3E-58-A5-76-6D-1F-F7-AE-E8-45-8D-1E-ED-2B-A2-05-46-BC-09-68">
      <ModulePath>C:\Program Files\dotnet\shared\Microsoft.NETCore.App\2.2.8\System.Windows.dll</ModulePath>
      <ModuleTime>2019-10-09T03:45:10Z</ModuleTime>
      <ModuleName>System.Windows</ModuleName>
      <Classes />
    </Module>
    <Module skippedDueTo="Filter" hash="17-84-A7-DF-FE-3A-C9-EF-9F-5B-0F-4A-17-F8-BF-00-97-FE-0E-5C">
      <ModulePath>C:\Program Files\dotnet\shared\Microsoft.NETCore.App\2.2.8\System.Xml.Linq.dll</ModulePath>
      <ModuleTime>2019-10-09T03:45:10Z</ModuleTime>
      <ModuleName>System.Xml.Linq</ModuleName>
      <Classes />
    </Module>
    <Module skippedDueTo="Filter" hash="8A-CB-42-7F-C5-7E-70-86-86-D2-F8-9B-48-19-02-5A-45-1F-48-F0">
      <ModulePath>C:\Program Files\dotnet\shared\Microsoft.NETCore.App\2.2.8\System.Xml.Serialization.dll</ModulePath>
      <ModuleTime>2019-10-09T03:45:10Z</ModuleTime>
      <ModuleName>System.Xml.Serialization</ModuleName>
      <Classes />
    </Module>
    <Module skippedDueTo="Filter" hash="8B-11-F4-1E-B5-BF-4A-2E-CC-F7-03-EE-29-51-79-F2-9E-DA-6C-81">
      <ModulePath>C:\Program Files\dotnet\shared\Microsoft.NETCore.App\2.2.8\System.Xml.XPath.XDocument.dll</ModulePath>
      <ModuleTime>2019-10-09T03:45:10Z</ModuleTime>
      <ModuleName>System.Xml.XPath.XDocument</ModuleName>
      <Classes />
    </Module>
    <Module skippedDueTo="Filter" hash="78-F4-13-74-AE-30-67-C0-21-94-7E-FC-7A-7D-F5-BE-53-98-10-0D">
      <ModulePath>C:\Program Files\dotnet\shared\Microsoft.NETCore.App\2.2.8\System.Xml.XmlSerializer.dll</ModulePath>
      <ModuleTime>2019-10-09T03:45:10Z</ModuleTime>
      <ModuleName>System.Xml.XmlSerializer</ModuleName>
      <Classes />
    </Module>
    <Module skippedDueTo="Filter" hash="52-12-5B-FC-4D-8C-9C-B1-E4-20-C1-30-D4-B0-29-EE-AC-ED-1E-53">
      <ModulePath>C:\Program Files\dotnet\shared\Microsoft.NETCore.App\2.2.8\System.Xml.dll</ModulePath>
      <ModuleTime>2019-10-09T03:45:10Z</ModuleTime>
      <ModuleName>System.Xml</ModuleName>
      <Classes />
    </Module>
    <Module skippedDueTo="Filter" hash="0A-A4-C6-E5-E5-EA-60-74-2C-54-40-92-4D-A3-6F-85-34-95-12-38">
      <ModulePath>C:\Program Files\dotnet\shared\Microsoft.NETCore.App\2.2.8\System.dll</ModulePath>
      <ModuleTime>2019-10-09T03:45:10Z</ModuleTime>
      <ModuleName>System</ModuleName>
      <Classes />
    </Module>
    <Module skippedDueTo="Filter" hash="B4-C8-2F-CE-82-E4-FD-DC-F1-38-BF-85-44-E5-C6-5E-88-66-CC-AD">
      <ModulePath>C:\Program Files\dotnet\shared\Microsoft.NETCore.App\2.2.8\WindowsBase.dll</ModulePath>
      <ModuleTime>2019-10-09T03:45:10Z</ModuleTime>
      <ModuleName>WindowsBase</ModuleName>
      <Classes />
    </Module>
    <Module skippedDueTo="Filter" hash="0B-62-40-90-58-76-E8-86-0D-1A-DC-F5-78-DB-B7-94-BC-00-10-0C">
      <ModulePath>D:\GitHub\Alamut.Data\test\Alamut.Data.EF.Test\bin\Debug\netcoreapp2.2\xunit.runner.reporters.netcoreapp10.dll</ModulePath>
      <ModuleTime>2018-07-16T23:48:26Z</ModuleTime>
      <ModuleName>xunit.runner.reporters.netcoreapp10</ModuleName>
      <Classes />
    </Module>
    <Module skippedDueTo="Filter" hash="16-7C-D1-8D-0E-08-82-D2-50-9C-9A-FF-7A-6F-C1-DB-D3-21-8A-72">
      <ModulePath>D:\GitHub\Alamut.Data\test\Alamut.Data.EF.Test\bin\Debug\netcoreapp2.2\xunit.runner.visualstudio.dotnetcore.testadapter.dll</ModulePath>
      <ModuleTime>2018-07-16T23:48:28Z</ModuleTime>
      <ModuleName>xunit.runner.visualstudio.dotnetcore.testadapter</ModuleName>
      <Classes />
    </Module>
  </Modules>
</CoverageSession>